{"/Users/jay-agrawal/IdeaProjects/job-seeker/backend/src/app.js": {"path":"/Users/jay-agrawal/IdeaProjects/job-seeker/backend/src/app.js","statementMap":{"0":{"start":{"line":7,"column":16},"end":{"line":7,"column":34}},"1":{"start":{"line":8,"column":13},"end":{"line":8,"column":28}},"2":{"start":{"line":9,"column":15},"end":{"line":9,"column":34}},"3":{"start":{"line":10,"column":22},"end":{"line":10,"column":59}},"4":{"start":{"line":11,"column":21},"end":{"line":11,"column":57}},"5":{"start":{"line":13,"column":12},"end":{"line":13,"column":21}},"6":{"start":{"line":16,"column":0},"end":{"line":16,"column":16}},"7":{"start":{"line":17,"column":0},"end":{"line":17,"column":24}},"8":{"start":{"line":18,"column":0},"end":{"line":18,"column":23}},"9":{"start":{"line":21,"column":0},"end":{"line":21,"column":24}},"10":{"start":{"line":24,"column":0},"end":{"line":24,"column":22}},"11":{"start":{"line":26,"column":0},"end":{"line":26,"column":21}}},"fnMap":{},"branchMap":{},"s":{"0":1,"1":1,"2":1,"3":1,"4":1,"5":1,"6":1,"7":1,"8":1,"9":1,"10":1,"11":1},"f":{},"b":{},"_coverageSchema":"1a1c01bbd47fc00a2c39e90264f33305004495a9","hash":"728d48d58c24b1221eb562669aad342ffd7f2a99"}
,"/Users/jay-agrawal/IdeaProjects/job-seeker/backend/src/config/index.js": {"path":"/Users/jay-agrawal/IdeaProjects/job-seeker/backend/src/config/index.js","statementMap":{"0":{"start":{"line":1,"column":0},"end":{"line":1,"column":27}},"1":{"start":{"line":2,"column":13},"end":{"line":2,"column":28}},"2":{"start":{"line":4,"column":15},"end":{"line":42,"column":1}},"3":{"start":{"line":44,"column":0},"end":{"line":44,"column":24}}},"fnMap":{},"branchMap":{"0":{"loc":{"start":{"line":5,"column":17},"end":{"line":5,"column":41}},"type":"binary-expr","locations":[{"start":{"line":5,"column":17},"end":{"line":5,"column":33}},{"start":{"line":5,"column":37},"end":{"line":5,"column":41}}],"line":5},"1":{"loc":{"start":{"line":7,"column":14},"end":{"line":7,"column":48}},"type":"binary-expr","locations":[{"start":{"line":7,"column":14},"end":{"line":7,"column":33}},{"start":{"line":7,"column":37},"end":{"line":7,"column":48}}],"line":7},"2":{"loc":{"start":{"line":8,"column":14},"end":{"line":8,"column":43}},"type":"binary-expr","locations":[{"start":{"line":8,"column":14},"end":{"line":8,"column":33}},{"start":{"line":8,"column":37},"end":{"line":8,"column":43}}],"line":8},"3":{"loc":{"start":{"line":9,"column":18},"end":{"line":9,"column":47}},"type":"binary-expr","locations":[{"start":{"line":9,"column":18},"end":{"line":9,"column":41}},{"start":{"line":9,"column":45},"end":{"line":9,"column":47}}],"line":9},"4":{"loc":{"start":{"line":10,"column":18},"end":{"line":10,"column":51}},"type":"binary-expr","locations":[{"start":{"line":10,"column":18},"end":{"line":10,"column":37}},{"start":{"line":10,"column":41},"end":{"line":10,"column":51}}],"line":10},"5":{"loc":{"start":{"line":11,"column":32},"end":{"line":11,"column":68}},"type":"binary-expr","locations":[{"start":{"line":11,"column":32},"end":{"line":11,"column":63}},{"start":{"line":11,"column":67},"end":{"line":11,"column":68}}],"line":11},"6":{"loc":{"start":{"line":17,"column":14},"end":{"line":17,"column":41}},"type":"binary-expr","locations":[{"start":{"line":17,"column":14},"end":{"line":17,"column":35}},{"start":{"line":17,"column":39},"end":{"line":17,"column":41}}],"line":17},"7":{"loc":{"start":{"line":18,"column":21},"end":{"line":18,"column":49}},"type":"binary-expr","locations":[{"start":{"line":18,"column":21},"end":{"line":18,"column":42}},{"start":{"line":18,"column":46},"end":{"line":18,"column":49}}],"line":18},"8":{"loc":{"start":{"line":20,"column":14},"end":{"line":20,"column":41}},"type":"binary-expr","locations":[{"start":{"line":20,"column":14},"end":{"line":20,"column":35}},{"start":{"line":20,"column":39},"end":{"line":20,"column":41}}],"line":20},"9":{"loc":{"start":{"line":21,"column":18},"end":{"line":21,"column":49}},"type":"binary-expr","locations":[{"start":{"line":21,"column":18},"end":{"line":21,"column":43}},{"start":{"line":21,"column":47},"end":{"line":21,"column":49}}],"line":21},"10":{"loc":{"start":{"line":22,"column":14},"end":{"line":22,"column":41}},"type":"binary-expr","locations":[{"start":{"line":22,"column":14},"end":{"line":22,"column":35}},{"start":{"line":22,"column":39},"end":{"line":22,"column":41}}],"line":22},"11":{"loc":{"start":{"line":26,"column":21},"end":{"line":26,"column":52}},"type":"binary-expr","locations":[{"start":{"line":26,"column":21},"end":{"line":26,"column":46}},{"start":{"line":26,"column":50},"end":{"line":26,"column":52}}],"line":26},"12":{"loc":{"start":{"line":28,"column":23},"end":{"line":28,"column":52}},"type":"binary-expr","locations":[{"start":{"line":28,"column":23},"end":{"line":28,"column":47}},{"start":{"line":28,"column":51},"end":{"line":28,"column":52}}],"line":28},"13":{"loc":{"start":{"line":30,"column":20},"end":{"line":30,"column":103}},"type":"binary-expr","locations":[{"start":{"line":30,"column":20},"end":{"line":30,"column":48}},{"start":{"line":30,"column":52},"end":{"line":30,"column":103}}],"line":30},"14":{"loc":{"start":{"line":32,"column":23},"end":{"line":32,"column":84}},"type":"binary-expr","locations":[{"start":{"line":32,"column":23},"end":{"line":32,"column":54}},{"start":{"line":32,"column":58},"end":{"line":32,"column":84}}],"line":32},"15":{"loc":{"start":{"line":34,"column":25},"end":{"line":34,"column":61}},"type":"binary-expr","locations":[{"start":{"line":34,"column":25},"end":{"line":34,"column":52}},{"start":{"line":34,"column":56},"end":{"line":34,"column":61}}],"line":34},"16":{"loc":{"start":{"line":35,"column":25},"end":{"line":35,"column":61}},"type":"binary-expr","locations":[{"start":{"line":35,"column":25},"end":{"line":35,"column":52}},{"start":{"line":35,"column":56},"end":{"line":35,"column":61}}],"line":35},"17":{"loc":{"start":{"line":37,"column":26},"end":{"line":37,"column":61}},"type":"binary-expr","locations":[{"start":{"line":37,"column":26},"end":{"line":37,"column":54}},{"start":{"line":37,"column":58},"end":{"line":37,"column":61}}],"line":37},"18":{"loc":{"start":{"line":40,"column":26},"end":{"line":40,"column":82}},"type":"binary-expr","locations":[{"start":{"line":40,"column":26},"end":{"line":40,"column":55}},{"start":{"line":40,"column":59},"end":{"line":40,"column":82}}],"line":40}},"s":{"0":2,"1":2,"2":2,"3":2},"f":{},"b":{"0":[2,0],"1":[2,0],"2":[2,0],"3":[2,0],"4":[2,0],"5":[2,0],"6":[2,0],"7":[2,0],"8":[2,0],"9":[2,0],"10":[2,0],"11":[2,2],"12":[2,0],"13":[2,2],"14":[2,2],"15":[2,0],"16":[2,0],"17":[2,0],"18":[2,0]},"_coverageSchema":"1a1c01bbd47fc00a2c39e90264f33305004495a9","hash":"7870ea4cf93e11d788618b04b99ff267ac96b38c"}
,"/Users/jay-agrawal/IdeaProjects/job-seeker/backend/src/constants/locations.js": {"path":"/Users/jay-agrawal/IdeaProjects/job-seeker/backend/src/constants/locations.js","statementMap":{"0":{"start":{"line":2,"column":18},"end":{"line":2,"column":45}},"1":{"start":{"line":4,"column":20},"end":{"line":7,"column":6}},"2":{"start":{"line":5,"column":4},"end":{"line":5,"column":23}},"3":{"start":{"line":6,"column":4},"end":{"line":6,"column":15}},"4":{"start":{"line":9,"column":0},"end":{"line":9,"column":44}}},"fnMap":{"0":{"name":"(anonymous_0)","decl":{"start":{"line":4,"column":37},"end":{"line":4,"column":38}},"loc":{"start":{"line":4,"column":49},"end":{"line":7,"column":1}},"line":4}},"branchMap":{},"s":{"0":1,"1":1,"2":128,"3":128,"4":1},"f":{"0":128},"b":{},"_coverageSchema":"1a1c01bbd47fc00a2c39e90264f33305004495a9","hash":"7549c8536a3a43a510d0e38a453f2292b7486cdc"}
,"/Users/jay-agrawal/IdeaProjects/job-seeker/backend/src/controllers/company.controller.js": {"path":"/Users/jay-agrawal/IdeaProjects/job-seeker/backend/src/controllers/company.controller.js","statementMap":{"0":{"start":{"line":7,"column":23},"end":{"line":7,"column":61}},"1":{"start":{"line":8,"column":26},"end":{"line":8,"column":52}},"2":{"start":{"line":11,"column":4},"end":{"line":11,"column":60}},"3":{"start":{"line":15,"column":4},"end":{"line":15,"column":68}},"4":{"start":{"line":19,"column":20},"end":{"line":19,"column":73}},"5":{"start":{"line":20,"column":4},"end":{"line":20,"column":75}},"6":{"start":{"line":20,"column":18},"end":{"line":20,"column":75}},"7":{"start":{"line":21,"column":4},"end":{"line":21,"column":22}},"8":{"start":{"line":24,"column":0},"end":{"line":24,"column":64}}},"fnMap":{"0":{"name":"listCompanies","decl":{"start":{"line":10,"column":15},"end":{"line":10,"column":28}},"loc":{"start":{"line":10,"column":39},"end":{"line":12,"column":1}},"line":10},"1":{"name":"searchCompanies","decl":{"start":{"line":14,"column":15},"end":{"line":14,"column":30}},"loc":{"start":{"line":14,"column":41},"end":{"line":16,"column":1}},"line":14},"2":{"name":"getCompany","decl":{"start":{"line":18,"column":15},"end":{"line":18,"column":25}},"loc":{"start":{"line":18,"column":36},"end":{"line":22,"column":1}},"line":18}},"branchMap":{"0":{"loc":{"start":{"line":20,"column":4},"end":{"line":20,"column":75}},"type":"if","locations":[{"start":{"line":20,"column":4},"end":{"line":20,"column":75}},{"start":{},"end":{}}],"line":20}},"s":{"0":1,"1":1,"2":1,"3":1,"4":2,"5":2,"6":1,"7":1,"8":1},"f":{"0":1,"1":1,"2":2},"b":{"0":[1,1]},"_coverageSchema":"1a1c01bbd47fc00a2c39e90264f33305004495a9","hash":"12a5fa12560c4963da85f7ec41fa49c37b95b974"}
,"/Users/jay-agrawal/IdeaProjects/job-seeker/backend/src/controllers/mail.controller.js": {"path":"/Users/jay-agrawal/IdeaProjects/job-seeker/backend/src/controllers/mail.controller.js","statementMap":{"0":{"start":{"line":7,"column":23},"end":{"line":7,"column":61}},"1":{"start":{"line":8,"column":25},"end":{"line":8,"column":65}},"2":{"start":{"line":9,"column":25},"end":{"line":9,"column":65}},"3":{"start":{"line":10,"column":20},"end":{"line":10,"column":55}},"4":{"start":{"line":11,"column":24},"end":{"line":11,"column":63}},"5":{"start":{"line":12,"column":43},"end":{"line":12,"column":69}},"6":{"start":{"line":18,"column":4},"end":{"line":18,"column":45}},"7":{"start":{"line":25,"column":54},"end":{"line":25,"column":68}},"8":{"start":{"line":26,"column":4},"end":{"line":26,"column":86}},"9":{"start":{"line":26,"column":27},"end":{"line":26,"column":86}},"10":{"start":{"line":28,"column":20},"end":{"line":28,"column":73}},"11":{"start":{"line":29,"column":4},"end":{"line":29,"column":75}},"12":{"start":{"line":29,"column":18},"end":{"line":29,"column":75}},"13":{"start":{"line":31,"column":23},"end":{"line":31,"column":98}},"14":{"start":{"line":32,"column":4},"end":{"line":32,"column":106}},"15":{"start":{"line":32,"column":28},"end":{"line":32,"column":106}},"16":{"start":{"line":34,"column":19},"end":{"line":36,"column":70}},"17":{"start":{"line":35,"column":29},"end":{"line":35,"column":69}},"18":{"start":{"line":38,"column":4},"end":{"line":38,"column":60}},"19":{"start":{"line":45,"column":76},"end":{"line":45,"column":90}},"20":{"start":{"line":46,"column":4},"end":{"line":46,"column":86}},"21":{"start":{"line":46,"column":27},"end":{"line":46,"column":86}},"22":{"start":{"line":47,"column":4},"end":{"line":49,"column":5}},"23":{"start":{"line":48,"column":8},"end":{"line":48,"column":74}},"24":{"start":{"line":51,"column":14},"end":{"line":51,"column":64}},"25":{"start":{"line":52,"column":22},"end":{"line":52,"column":23}},"26":{"start":{"line":52,"column":40},"end":{"line":52,"column":41}},"27":{"start":{"line":52,"column":69},"end":{"line":52,"column":70}},"28":{"start":{"line":54,"column":4},"end":{"line":62,"column":5}},"29":{"start":{"line":55,"column":27},"end":{"line":55,"column":97}},"30":{"start":{"line":56,"column":8},"end":{"line":56,"column":41}},"31":{"start":{"line":56,"column":32},"end":{"line":56,"column":41}},"32":{"start":{"line":57,"column":8},"end":{"line":57,"column":34}},"33":{"start":{"line":58,"column":18},"end":{"line":59,"column":74}},"34":{"start":{"line":60,"column":8},"end":{"line":60,"column":32}},"35":{"start":{"line":61,"column":8},"end":{"line":61,"column":48}},"36":{"start":{"line":64,"column":4},"end":{"line":67,"column":7}},"37":{"start":{"line":74,"column":68},"end":{"line":74,"column":82}},"38":{"start":{"line":75,"column":4},"end":{"line":75,"column":86}},"39":{"start":{"line":75,"column":27},"end":{"line":75,"column":86}},"40":{"start":{"line":76,"column":4},"end":{"line":78,"column":5}},"41":{"start":{"line":77,"column":8},"end":{"line":77,"column":76}},"42":{"start":{"line":80,"column":23},"end":{"line":80,"column":78}},"43":{"start":{"line":81,"column":4},"end":{"line":81,"column":103}},"44":{"start":{"line":81,"column":28},"end":{"line":81,"column":103}},"45":{"start":{"line":83,"column":4},"end":{"line":83,"column":123}},"46":{"start":{"line":90,"column":46},"end":{"line":90,"column":60}},"47":{"start":{"line":91,"column":4},"end":{"line":91,"column":97}},"48":{"start":{"line":91,"column":34},"end":{"line":91,"column":97}},"49":{"start":{"line":93,"column":19},"end":{"line":93,"column":109}},"50":{"start":{"line":94,"column":4},"end":{"line":94,"column":21}},"51":{"start":{"line":101,"column":4},"end":{"line":101,"column":57}},"52":{"start":{"line":108,"column":4},"end":{"line":108,"column":55}},"53":{"start":{"line":115,"column":4},"end":{"line":115,"column":82}},"54":{"start":{"line":118,"column":0},"end":{"line":127,"column":2}}},"fnMap":{"0":{"name":"getTemplates","decl":{"start":{"line":17,"column":9},"end":{"line":17,"column":21}},"loc":{"start":{"line":17,"column":32},"end":{"line":19,"column":1}},"line":17},"1":{"name":"mailCompanyActive","decl":{"start":{"line":24,"column":15},"end":{"line":24,"column":32}},"loc":{"start":{"line":24,"column":43},"end":{"line":39,"column":1}},"line":24},"2":{"name":"(anonymous_2)","decl":{"start":{"line":35,"column":23},"end":{"line":35,"column":24}},"loc":{"start":{"line":35,"column":29},"end":{"line":35,"column":69}},"line":35},"3":{"name":"mailCompaniesTopActive","decl":{"start":{"line":44,"column":15},"end":{"line":44,"column":37}},"loc":{"start":{"line":44,"column":48},"end":{"line":68,"column":1}},"line":44},"4":{"name":"mailRecruiters","decl":{"start":{"line":73,"column":15},"end":{"line":73,"column":29}},"loc":{"start":{"line":73,"column":40},"end":{"line":84,"column":1}},"line":73},"5":{"name":"sendTestMail","decl":{"start":{"line":89,"column":15},"end":{"line":89,"column":27}},"loc":{"start":{"line":89,"column":38},"end":{"line":95,"column":1}},"line":89},"6":{"name":"getMailLogs","decl":{"start":{"line":100,"column":15},"end":{"line":100,"column":26}},"loc":{"start":{"line":100,"column":37},"end":{"line":102,"column":1}},"line":100},"7":{"name":"getMailLogsGrouped","decl":{"start":{"line":107,"column":15},"end":{"line":107,"column":33}},"loc":{"start":{"line":107,"column":44},"end":{"line":109,"column":1}},"line":107},"8":{"name":"getMailStats","decl":{"start":{"line":114,"column":15},"end":{"line":114,"column":27}},"loc":{"start":{"line":114,"column":38},"end":{"line":116,"column":1}},"line":114}},"branchMap":{"0":{"loc":{"start":{"line":25,"column":54},"end":{"line":25,"column":68}},"type":"binary-expr","locations":[{"start":{"line":25,"column":54},"end":{"line":25,"column":62}},{"start":{"line":25,"column":66},"end":{"line":25,"column":68}}],"line":25},"1":{"loc":{"start":{"line":26,"column":4},"end":{"line":26,"column":86}},"type":"if","locations":[{"start":{"line":26,"column":4},"end":{"line":26,"column":86}},{"start":{},"end":{}}],"line":26},"2":{"loc":{"start":{"line":26,"column":8},"end":{"line":26,"column":25}},"type":"binary-expr","locations":[{"start":{"line":26,"column":8},"end":{"line":26,"column":16}},{"start":{"line":26,"column":20},"end":{"line":26,"column":25}}],"line":26},"3":{"loc":{"start":{"line":29,"column":4},"end":{"line":29,"column":75}},"type":"if","locations":[{"start":{"line":29,"column":4},"end":{"line":29,"column":75}},{"start":{},"end":{}}],"line":29},"4":{"loc":{"start":{"line":32,"column":4},"end":{"line":32,"column":106}},"type":"if","locations":[{"start":{"line":32,"column":4},"end":{"line":32,"column":106}},{"start":{},"end":{}}],"line":32},"5":{"loc":{"start":{"line":36,"column":49},"end":{"line":36,"column":67}},"type":"binary-expr","locations":[{"start":{"line":36,"column":49},"end":{"line":36,"column":59}},{"start":{"line":36,"column":63},"end":{"line":36,"column":67}}],"line":36},"6":{"loc":{"start":{"line":45,"column":24},"end":{"line":45,"column":32}},"type":"default-arg","locations":[{"start":{"line":45,"column":31},"end":{"line":45,"column":32}}],"line":45},"7":{"loc":{"start":{"line":45,"column":76},"end":{"line":45,"column":90}},"type":"binary-expr","locations":[{"start":{"line":45,"column":76},"end":{"line":45,"column":84}},{"start":{"line":45,"column":88},"end":{"line":45,"column":90}}],"line":45},"8":{"loc":{"start":{"line":46,"column":4},"end":{"line":46,"column":86}},"type":"if","locations":[{"start":{"line":46,"column":4},"end":{"line":46,"column":86}},{"start":{},"end":{}}],"line":46},"9":{"loc":{"start":{"line":46,"column":8},"end":{"line":46,"column":25}},"type":"binary-expr","locations":[{"start":{"line":46,"column":8},"end":{"line":46,"column":16}},{"start":{"line":46,"column":20},"end":{"line":46,"column":25}}],"line":46},"10":{"loc":{"start":{"line":47,"column":4},"end":{"line":49,"column":5}},"type":"if","locations":[{"start":{"line":47,"column":4},"end":{"line":49,"column":5}},{"start":{},"end":{}}],"line":47},"11":{"loc":{"start":{"line":47,"column":8},"end":{"line":47,"column":56}},"type":"binary-expr","locations":[{"start":{"line":47,"column":8},"end":{"line":47,"column":34}},{"start":{"line":47,"column":38},"end":{"line":47,"column":56}}],"line":47},"12":{"loc":{"start":{"line":51,"column":39},"end":{"line":51,"column":62}},"type":"binary-expr","locations":[{"start":{"line":51,"column":39},"end":{"line":51,"column":57}},{"start":{"line":51,"column":61},"end":{"line":51,"column":62}}],"line":51},"13":{"loc":{"start":{"line":56,"column":8},"end":{"line":56,"column":41}},"type":"if","locations":[{"start":{"line":56,"column":8},"end":{"line":56,"column":41}},{"start":{},"end":{}}],"line":56},"14":{"loc":{"start":{"line":59,"column":53},"end":{"line":59,"column":71}},"type":"binary-expr","locations":[{"start":{"line":59,"column":53},"end":{"line":59,"column":63}},{"start":{"line":59,"column":67},"end":{"line":59,"column":71}}],"line":59},"15":{"loc":{"start":{"line":74,"column":68},"end":{"line":74,"column":82}},"type":"binary-expr","locations":[{"start":{"line":74,"column":68},"end":{"line":74,"column":76}},{"start":{"line":74,"column":80},"end":{"line":74,"column":82}}],"line":74},"16":{"loc":{"start":{"line":75,"column":4},"end":{"line":75,"column":86}},"type":"if","locations":[{"start":{"line":75,"column":4},"end":{"line":75,"column":86}},{"start":{},"end":{}}],"line":75},"17":{"loc":{"start":{"line":75,"column":8},"end":{"line":75,"column":25}},"type":"binary-expr","locations":[{"start":{"line":75,"column":8},"end":{"line":75,"column":16}},{"start":{"line":75,"column":20},"end":{"line":75,"column":25}}],"line":75},"18":{"loc":{"start":{"line":76,"column":4},"end":{"line":78,"column":5}},"type":"if","locations":[{"start":{"line":76,"column":4},"end":{"line":78,"column":5}},{"start":{},"end":{}}],"line":76},"19":{"loc":{"start":{"line":76,"column":8},"end":{"line":76,"column":60}},"type":"binary-expr","locations":[{"start":{"line":76,"column":8},"end":{"line":76,"column":36}},{"start":{"line":76,"column":40},"end":{"line":76,"column":60}}],"line":76},"20":{"loc":{"start":{"line":81,"column":4},"end":{"line":81,"column":103}},"type":"if","locations":[{"start":{"line":81,"column":4},"end":{"line":81,"column":103}},{"start":{},"end":{}}],"line":81},"21":{"loc":{"start":{"line":83,"column":100},"end":{"line":83,"column":118}},"type":"binary-expr","locations":[{"start":{"line":83,"column":100},"end":{"line":83,"column":110}},{"start":{"line":83,"column":114},"end":{"line":83,"column":118}}],"line":83},"22":{"loc":{"start":{"line":90,"column":46},"end":{"line":90,"column":60}},"type":"binary-expr","locations":[{"start":{"line":90,"column":46},"end":{"line":90,"column":54}},{"start":{"line":90,"column":58},"end":{"line":90,"column":60}}],"line":90},"23":{"loc":{"start":{"line":91,"column":4},"end":{"line":91,"column":97}},"type":"if","locations":[{"start":{"line":91,"column":4},"end":{"line":91,"column":97}},{"start":{},"end":{}}],"line":91},"24":{"loc":{"start":{"line":91,"column":8},"end":{"line":91,"column":32}},"type":"binary-expr","locations":[{"start":{"line":91,"column":8},"end":{"line":91,"column":11}},{"start":{"line":91,"column":15},"end":{"line":91,"column":23}},{"start":{"line":91,"column":27},"end":{"line":91,"column":32}}],"line":91},"25":{"loc":{"start":{"line":93,"column":88},"end":{"line":93,"column":106}},"type":"binary-expr","locations":[{"start":{"line":93,"column":88},"end":{"line":93,"column":98}},{"start":{"line":93,"column":102},"end":{"line":93,"column":106}}],"line":93},"26":{"loc":{"start":{"line":115,"column":46},"end":{"line":115,"column":79}},"type":"binary-expr","locations":[{"start":{"line":115,"column":46},"end":{"line":115,"column":74}},{"start":{"line":115,"column":78},"end":{"line":115,"column":79}}],"line":115}},"s":{"0":1,"1":1,"2":1,"3":1,"4":1,"5":1,"6":0,"7":0,"8":0,"9":0,"10":0,"11":0,"12":0,"13":0,"14":0,"15":0,"16":0,"17":0,"18":0,"19":0,"20":0,"21":0,"22":0,"23":0,"24":0,"25":0,"26":0,"27":0,"28":0,"29":0,"30":0,"31":0,"32":0,"33":0,"34":0,"35":0,"36":0,"37":0,"38":0,"39":0,"40":0,"41":0,"42":0,"43":0,"44":0,"45":0,"46":0,"47":0,"48":0,"49":0,"50":0,"51":0,"52":0,"53":0,"54":1},"f":{"0":0,"1":0,"2":0,"3":0,"4":0,"5":0,"6":0,"7":0,"8":0},"b":{"0":[0,0],"1":[0,0],"2":[0,0],"3":[0,0],"4":[0,0],"5":[0,0],"6":[0],"7":[0,0],"8":[0,0],"9":[0,0],"10":[0,0],"11":[0,0],"12":[0,0],"13":[0,0],"14":[0,0],"15":[0,0],"16":[0,0],"17":[0,0],"18":[0,0],"19":[0,0],"20":[0,0],"21":[0,0],"22":[0,0],"23":[0,0],"24":[0,0,0],"25":[0,0],"26":[0,0]},"_coverageSchema":"1a1c01bbd47fc00a2c39e90264f33305004495a9","hash":"c23d60574ad5d6e5e6ca37d1cf92fd9e83b130f6"}
,"/Users/jay-agrawal/IdeaProjects/job-seeker/backend/src/controllers/recruiter.controller.js": {"path":"/Users/jay-agrawal/IdeaProjects/job-seeker/backend/src/controllers/recruiter.controller.js","statementMap":{"0":{"start":{"line":4,"column":25},"end":{"line":4,"column":65}},"1":{"start":{"line":5,"column":26},"end":{"line":5,"column":52}},"2":{"start":{"line":8,"column":4},"end":{"line":8,"column":95}},"3":{"start":{"line":12,"column":22},"end":{"line":12,"column":72}},"4":{"start":{"line":13,"column":4},"end":{"line":13,"column":72}},"5":{"start":{"line":13,"column":20},"end":{"line":13,"column":72}},"6":{"start":{"line":14,"column":4},"end":{"line":14,"column":24}},"7":{"start":{"line":17,"column":0},"end":{"line":17,"column":60}}},"fnMap":{"0":{"name":"getRecruitersByCompanyId","decl":{"start":{"line":7,"column":15},"end":{"line":7,"column":39}},"loc":{"start":{"line":7,"column":50},"end":{"line":9,"column":1}},"line":7},"1":{"name":"getRecruiter","decl":{"start":{"line":11,"column":15},"end":{"line":11,"column":27}},"loc":{"start":{"line":11,"column":38},"end":{"line":15,"column":1}},"line":11}},"branchMap":{"0":{"loc":{"start":{"line":13,"column":4},"end":{"line":13,"column":72}},"type":"if","locations":[{"start":{"line":13,"column":4},"end":{"line":13,"column":72}},{"start":{},"end":{}}],"line":13}},"s":{"0":1,"1":1,"2":0,"3":0,"4":0,"5":0,"6":0,"7":1},"f":{"0":0,"1":0},"b":{"0":[0,0]},"_coverageSchema":"1a1c01bbd47fc00a2c39e90264f33305004495a9","hash":"a55c983a6f0125e4dc707badce5adce8f4a840fb"}
,"/Users/jay-agrawal/IdeaProjects/job-seeker/backend/src/controllers/resume.controller.js": {"path":"/Users/jay-agrawal/IdeaProjects/job-seeker/backend/src/controllers/resume.controller.js","statementMap":{"0":{"start":{"line":4,"column":19},"end":{"line":4,"column":63}},"1":{"start":{"line":5,"column":28},"end":{"line":5,"column":54}},"2":{"start":{"line":8,"column":4},"end":{"line":8,"column":39}},"3":{"start":{"line":12,"column":4},"end":{"line":12,"column":109}},"4":{"start":{"line":12,"column":19},"end":{"line":12,"column":109}},"5":{"start":{"line":13,"column":4},"end":{"line":13,"column":46}},"6":{"start":{"line":16,"column":0},"end":{"line":16,"column":47}}},"fnMap":{"0":{"name":"listResumes","decl":{"start":{"line":7,"column":9},"end":{"line":7,"column":20}},"loc":{"start":{"line":7,"column":31},"end":{"line":9,"column":1}},"line":7},"1":{"name":"uploadResume","decl":{"start":{"line":11,"column":9},"end":{"line":11,"column":21}},"loc":{"start":{"line":11,"column":32},"end":{"line":14,"column":1}},"line":11}},"branchMap":{"0":{"loc":{"start":{"line":12,"column":4},"end":{"line":12,"column":109}},"type":"if","locations":[{"start":{"line":12,"column":4},"end":{"line":12,"column":109}},{"start":{},"end":{}}],"line":12}},"s":{"0":1,"1":1,"2":0,"3":0,"4":0,"5":0,"6":1},"f":{"0":0,"1":0},"b":{"0":[0,0]},"_coverageSchema":"1a1c01bbd47fc00a2c39e90264f33305004495a9","hash":"cb84152e0a745c7646d660a0cfd6e2d55755dce7"}
,"/Users/jay-agrawal/IdeaProjects/job-seeker/backend/src/controllers/tracking.controller.js": {"path":"/Users/jay-agrawal/IdeaProjects/job-seeker/backend/src/controllers/tracking.controller.js","statementMap":{"0":{"start":{"line":4,"column":17},"end":{"line":4,"column":59}},"1":{"start":{"line":5,"column":15},"end":{"line":5,"column":41}},"2":{"start":{"line":8,"column":14},"end":{"line":8,"column":95}},"3":{"start":{"line":11,"column":15},"end":{"line":11,"column":42}},"4":{"start":{"line":12,"column":4},"end":{"line":14,"column":5}},"5":{"start":{"line":13,"column":8},"end":{"line":13,"column":87}},"6":{"start":{"line":13,"column":45},"end":{"line":13,"column":85}},"7":{"start":{"line":15,"column":4},"end":{"line":15,"column":101}},"8":{"start":{"line":16,"column":4},"end":{"line":16,"column":19}},"9":{"start":{"line":19,"column":0},"end":{"line":19,"column":31}}},"fnMap":{"0":{"name":"trackOpen","decl":{"start":{"line":10,"column":9},"end":{"line":10,"column":18}},"loc":{"start":{"line":10,"column":29},"end":{"line":17,"column":1}},"line":10},"1":{"name":"(anonymous_1)","decl":{"start":{"line":13,"column":38},"end":{"line":13,"column":39}},"loc":{"start":{"line":13,"column":45},"end":{"line":13,"column":85}},"line":13}},"branchMap":{"0":{"loc":{"start":{"line":12,"column":4},"end":{"line":14,"column":5}},"type":"if","locations":[{"start":{"line":12,"column":4},"end":{"line":14,"column":5}},{"start":{},"end":{}}],"line":12}},"s":{"0":1,"1":1,"2":1,"3":0,"4":0,"5":0,"6":0,"7":0,"8":0,"9":1},"f":{"0":0,"1":0},"b":{"0":[0,0]},"_coverageSchema":"1a1c01bbd47fc00a2c39e90264f33305004495a9","hash":"e83a73b85b973dd2f1ce62b9176606ce6f2264e4"}
,"/Users/jay-agrawal/IdeaProjects/job-seeker/backend/src/db/connection.js": {"path":"/Users/jay-agrawal/IdeaProjects/job-seeker/backend/src/db/connection.js","statementMap":{"0":{"start":{"line":1,"column":14},"end":{"line":1,"column":39}},"1":{"start":{"line":2,"column":15},"end":{"line":2,"column":35}},"2":{"start":{"line":4,"column":11},"end":{"line":11,"column":2}},"3":{"start":{"line":13,"column":0},"end":{"line":13,"column":20}}},"fnMap":{},"branchMap":{},"s":{"0":2,"1":2,"2":2,"3":2},"f":{},"b":{},"_coverageSchema":"1a1c01bbd47fc00a2c39e90264f33305004495a9","hash":"0a1398dd528b117fca6d157a2d0d6427dc0cff79"}
,"/Users/jay-agrawal/IdeaProjects/job-seeker/backend/src/middleware/asyncHandler.js": {"path":"/Users/jay-agrawal/IdeaProjects/job-seeker/backend/src/middleware/asyncHandler.js","statementMap":{"0":{"start":{"line":9,"column":4},"end":{"line":11,"column":6}},"1":{"start":{"line":10,"column":8},"end":{"line":10,"column":56}},"2":{"start":{"line":14,"column":0},"end":{"line":14,"column":30}}},"fnMap":{"0":{"name":"asyncHandler","decl":{"start":{"line":8,"column":9},"end":{"line":8,"column":21}},"loc":{"start":{"line":8,"column":26},"end":{"line":12,"column":1}},"line":8},"1":{"name":"(anonymous_1)","decl":{"start":{"line":9,"column":11},"end":{"line":9,"column":12}},"loc":{"start":{"line":9,"column":31},"end":{"line":11,"column":5}},"line":9}},"branchMap":{},"s":{"0":12,"1":4,"2":1},"f":{"0":12,"1":4},"b":{},"_coverageSchema":"1a1c01bbd47fc00a2c39e90264f33305004495a9","hash":"b0d14656dade0f87e325c06f524128a05f18186a"}
,"/Users/jay-agrawal/IdeaProjects/job-seeker/backend/src/middleware/errorHandler.js": {"path":"/Users/jay-agrawal/IdeaProjects/job-seeker/backend/src/middleware/errorHandler.js","statementMap":{"0":{"start":{"line":8,"column":15},"end":{"line":8,"column":41}},"1":{"start":{"line":9,"column":21},"end":{"line":9,"column":47}},"2":{"start":{"line":14,"column":4},"end":{"line":18,"column":5}},"3":{"start":{"line":15,"column":8},"end":{"line":15,"column":70}},"4":{"start":{"line":17,"column":8},"end":{"line":17,"column":46}},"5":{"start":{"line":20,"column":23},"end":{"line":20,"column":69}},"6":{"start":{"line":21,"column":17},"end":{"line":24,"column":5}},"7":{"start":{"line":27,"column":4},"end":{"line":29,"column":5}},"8":{"start":{"line":28,"column":8},"end":{"line":28,"column":31}},"9":{"start":{"line":31,"column":4},"end":{"line":31,"column":38}},"10":{"start":{"line":34,"column":0},"end":{"line":34,"column":30}}},"fnMap":{"0":{"name":"errorHandler","decl":{"start":{"line":12,"column":9},"end":{"line":12,"column":21}},"loc":{"start":{"line":12,"column":44},"end":{"line":32,"column":1}},"line":12}},"branchMap":{"0":{"loc":{"start":{"line":14,"column":4},"end":{"line":18,"column":5}},"type":"if","locations":[{"start":{"line":14,"column":4},"end":{"line":18,"column":5}},{"start":{"line":16,"column":11},"end":{"line":18,"column":5}}],"line":14},"1":{"loc":{"start":{"line":15,"column":51},"end":{"line":15,"column":68}},"type":"binary-expr","locations":[{"start":{"line":15,"column":51},"end":{"line":15,"column":62}},{"start":{"line":15,"column":66},"end":{"line":15,"column":68}}],"line":15},"2":{"loc":{"start":{"line":20,"column":23},"end":{"line":20,"column":69}},"type":"cond-expr","locations":[{"start":{"line":20,"column":49},"end":{"line":20,"column":63}},{"start":{"line":20,"column":66},"end":{"line":20,"column":69}}],"line":20},"3":{"loc":{"start":{"line":22,"column":15},"end":{"line":22,"column":53}},"type":"binary-expr","locations":[{"start":{"line":22,"column":15},"end":{"line":22,"column":26}},{"start":{"line":22,"column":30},"end":{"line":22,"column":53}}],"line":22},"4":{"loc":{"start":{"line":23,"column":12},"end":{"line":23,"column":55}},"type":"cond-expr","locations":[{"start":{"line":23,"column":26},"end":{"line":23,"column":50}},{"start":{"line":23,"column":53},"end":{"line":23,"column":55}}],"line":23},"5":{"loc":{"start":{"line":27,"column":4},"end":{"line":29,"column":5}},"type":"if","locations":[{"start":{"line":27,"column":4},"end":{"line":29,"column":5}},{"start":{},"end":{}}],"line":27},"6":{"loc":{"start":{"line":27,"column":8},"end":{"line":27,"column":76}},"type":"binary-expr","locations":[{"start":{"line":27,"column":8},"end":{"line":27,"column":46}},{"start":{"line":27,"column":50},"end":{"line":27,"column":76}}],"line":27}},"s":{"0":1,"1":1,"2":1,"3":1,"4":0,"5":1,"6":1,"7":1,"8":0,"9":1,"10":1},"f":{"0":1},"b":{"0":[1,0],"1":[1,1],"2":[1,0],"3":[1,0],"4":[0,1],"5":[0,1],"6":[1,0]},"_coverageSchema":"1a1c01bbd47fc00a2c39e90264f33305004495a9","hash":"75c08980257c9f34b8b162d0428e54195056e73f"}
,"/Users/jay-agrawal/IdeaProjects/job-seeker/backend/src/middleware/requestLogger.js": {"path":"/Users/jay-agrawal/IdeaProjects/job-seeker/backend/src/middleware/requestLogger.js","statementMap":{"0":{"start":{"line":6,"column":15},"end":{"line":6,"column":41}},"1":{"start":{"line":9,"column":18},"end":{"line":9,"column":28}},"2":{"start":{"line":10,"column":36},"end":{"line":10,"column":39}},"3":{"start":{"line":12,"column":4},"end":{"line":17,"column":7}},"4":{"start":{"line":13,"column":25},"end":{"line":13,"column":43}},"5":{"start":{"line":14,"column":23},"end":{"line":14,"column":37}},"6":{"start":{"line":15,"column":22},"end":{"line":15,"column":53}},"7":{"start":{"line":16,"column":8},"end":{"line":16,"column":78}},"8":{"start":{"line":19,"column":4},"end":{"line":19,"column":11}},"9":{"start":{"line":22,"column":0},"end":{"line":22,"column":31}}},"fnMap":{"0":{"name":"requestLogger","decl":{"start":{"line":8,"column":9},"end":{"line":8,"column":22}},"loc":{"start":{"line":8,"column":39},"end":{"line":20,"column":1}},"line":8},"1":{"name":"(anonymous_1)","decl":{"start":{"line":12,"column":21},"end":{"line":12,"column":22}},"loc":{"start":{"line":12,"column":27},"end":{"line":17,"column":5}},"line":12}},"branchMap":{"0":{"loc":{"start":{"line":15,"column":22},"end":{"line":15,"column":53}},"type":"cond-expr","locations":[{"start":{"line":15,"column":38},"end":{"line":15,"column":44}},{"start":{"line":15,"column":47},"end":{"line":15,"column":53}}],"line":15}},"s":{"0":1,"1":4,"2":4,"3":4,"4":4,"5":4,"6":4,"7":4,"8":4,"9":1},"f":{"0":4,"1":4},"b":{"0":[1,3]},"_coverageSchema":"1a1c01bbd47fc00a2c39e90264f33305004495a9","hash":"f2b5b7e1733396e24f7e1eb953a1597f65e7b604"}
,"/Users/jay-agrawal/IdeaProjects/job-seeker/backend/src/repositories/company.repository.js": {"path":"/Users/jay-agrawal/IdeaProjects/job-seeker/backend/src/repositories/company.repository.js","statementMap":{"0":{"start":{"line":7,"column":11},"end":{"line":7,"column":38}},"1":{"start":{"line":11,"column":4},"end":{"line":11,"column":113}},"2":{"start":{"line":13,"column":4},"end":{"line":13,"column":99}},"3":{"start":{"line":15,"column":4},"end":{"line":15,"column":89}},"4":{"start":{"line":18,"column":17},"end":{"line":31,"column":1}},"5":{"start":{"line":37,"column":26},"end":{"line":38,"column":79}},"6":{"start":{"line":39,"column":4},"end":{"line":39,"column":17}},"7":{"start":{"line":51,"column":19},"end":{"line":58,"column":35}},"8":{"start":{"line":59,"column":4},"end":{"line":59,"column":16}},"9":{"start":{"line":66,"column":17},"end":{"line":66,"column":28}},"10":{"start":{"line":67,"column":19},"end":{"line":73,"column":34}},"11":{"start":{"line":74,"column":4},"end":{"line":74,"column":16}},"12":{"start":{"line":81,"column":19},"end":{"line":84,"column":67}},"13":{"start":{"line":85,"column":4},"end":{"line":85,"column":27}},"14":{"start":{"line":88,"column":0},"end":{"line":88,"column":85}}},"fnMap":{"0":{"name":"countCompanies","decl":{"start":{"line":36,"column":15},"end":{"line":36,"column":29}},"loc":{"start":{"line":36,"column":51},"end":{"line":40,"column":1}},"line":36},"1":{"name":"findCompanies","decl":{"start":{"line":50,"column":15},"end":{"line":50,"column":28}},"loc":{"start":{"line":50,"column":74},"end":{"line":60,"column":1}},"line":50},"2":{"name":"searchByTerm","decl":{"start":{"line":65,"column":15},"end":{"line":65,"column":27}},"loc":{"start":{"line":65,"column":46},"end":{"line":75,"column":1}},"line":65},"3":{"name":"findById","decl":{"start":{"line":80,"column":15},"end":{"line":80,"column":23}},"loc":{"start":{"line":80,"column":35},"end":{"line":86,"column":1}},"line":80}},"branchMap":{"0":{"loc":{"start":{"line":65,"column":34},"end":{"line":65,"column":44}},"type":"default-arg","locations":[{"start":{"line":65,"column":42},"end":{"line":65,"column":44}}],"line":65},"1":{"loc":{"start":{"line":85,"column":11},"end":{"line":85,"column":26}},"type":"binary-expr","locations":[{"start":{"line":85,"column":11},"end":{"line":85,"column":18}},{"start":{"line":85,"column":22},"end":{"line":85,"column":26}}],"line":85}},"s":{"0":1,"1":1,"2":1,"3":1,"4":1,"5":0,"6":0,"7":0,"8":0,"9":0,"10":0,"11":0,"12":0,"13":0,"14":1},"f":{"0":0,"1":0,"2":0,"3":0},"b":{"0":[0],"1":[0,0]},"_coverageSchema":"1a1c01bbd47fc00a2c39e90264f33305004495a9","hash":"988ed36687ceec345ace3865238570a54e22208b"}
,"/Users/jay-agrawal/IdeaProjects/job-seeker/backend/src/repositories/mail.repository.js": {"path":"/Users/jay-agrawal/IdeaProjects/job-seeker/backend/src/repositories/mail.repository.js","statementMap":{"0":{"start":{"line":7,"column":11},"end":{"line":7,"column":38}},"1":{"start":{"line":13,"column":19},"end":{"line":15,"column":31}},"2":{"start":{"line":16,"column":4},"end":{"line":16,"column":27}},"3":{"start":{"line":23,"column":4},"end":{"line":26,"column":91}},"4":{"start":{"line":33,"column":19},"end":{"line":34,"column":91}},"5":{"start":{"line":35,"column":4},"end":{"line":35,"column":16}},"6":{"start":{"line":39,"column":4},"end":{"line":41,"column":25}},"7":{"start":{"line":45,"column":4},"end":{"line":46,"column":43}},"8":{"start":{"line":50,"column":4},"end":{"line":51,"column":43}},"9":{"start":{"line":58,"column":4},"end":{"line":60,"column":64}},"10":{"start":{"line":64,"column":18},"end":{"line":66,"column":84}},"11":{"start":{"line":67,"column":4},"end":{"line":67,"column":28}},"12":{"start":{"line":71,"column":18},"end":{"line":73,"column":98}},"13":{"start":{"line":74,"column":4},"end":{"line":74,"column":28}},"14":{"start":{"line":81,"column":19},"end":{"line":81,"column":69}},"15":{"start":{"line":83,"column":26},"end":{"line":83,"column":103}},"16":{"start":{"line":84,"column":19},"end":{"line":94,"column":35}},"17":{"start":{"line":96,"column":27},"end":{"line":97,"column":69}},"18":{"start":{"line":99,"column":4},"end":{"line":99,"column":47}},"19":{"start":{"line":106,"column":19},"end":{"line":113,"column":71}},"20":{"start":{"line":114,"column":4},"end":{"line":114,"column":16}},"21":{"start":{"line":121,"column":19},"end":{"line":121,"column":95}},"22":{"start":{"line":122,"column":4},"end":{"line":122,"column":62}},"23":{"start":{"line":122,"column":44},"end":{"line":122,"column":59}},"24":{"start":{"line":129,"column":20},"end":{"line":138,"column":24}},"25":{"start":{"line":139,"column":4},"end":{"line":139,"column":15}},"26":{"start":{"line":146,"column":19},"end":{"line":148,"column":94}},"27":{"start":{"line":149,"column":4},"end":{"line":149,"column":16}},"28":{"start":{"line":156,"column":26},"end":{"line":156,"column":69}},"29":{"start":{"line":157,"column":4},"end":{"line":157,"column":97}},"30":{"start":{"line":160,"column":0},"end":{"line":176,"column":2}}},"fnMap":{"0":{"name":"findPendingDuplicate","decl":{"start":{"line":12,"column":15},"end":{"line":12,"column":35}},"loc":{"start":{"line":12,"column":58},"end":{"line":17,"column":1}},"line":12},"1":{"name":"insertPending","decl":{"start":{"line":22,"column":15},"end":{"line":22,"column":28}},"loc":{"start":{"line":22,"column":114},"end":{"line":27,"column":1}},"line":22},"2":{"name":"findPending","decl":{"start":{"line":32,"column":15},"end":{"line":32,"column":26}},"loc":{"start":{"line":32,"column":34},"end":{"line":36,"column":1}},"line":32},"3":{"name":"markSent","decl":{"start":{"line":38,"column":15},"end":{"line":38,"column":23}},"loc":{"start":{"line":38,"column":46},"end":{"line":42,"column":1}},"line":38},"4":{"name":"markFailed","decl":{"start":{"line":44,"column":15},"end":{"line":44,"column":25}},"loc":{"start":{"line":44,"column":37},"end":{"line":47,"column":1}},"line":44},"5":{"name":"markBounced","decl":{"start":{"line":49,"column":15},"end":{"line":49,"column":26}},"loc":{"start":{"line":49,"column":38},"end":{"line":52,"column":1}},"line":49},"6":{"name":"markOpened","decl":{"start":{"line":57,"column":15},"end":{"line":57,"column":25}},"loc":{"start":{"line":57,"column":30},"end":{"line":61,"column":1}},"line":57},"7":{"name":"markOpenedByMessageId","decl":{"start":{"line":63,"column":15},"end":{"line":63,"column":36}},"loc":{"start":{"line":63,"column":54},"end":{"line":68,"column":1}},"line":63},"8":{"name":"markBouncedByMessageId","decl":{"start":{"line":70,"column":15},"end":{"line":70,"column":37}},"loc":{"start":{"line":70,"column":57},"end":{"line":75,"column":1}},"line":70},"9":{"name":"findLogs","decl":{"start":{"line":80,"column":15},"end":{"line":80,"column":23}},"loc":{"start":{"line":80,"column":54},"end":{"line":100,"column":1}},"line":80},"10":{"name":"findAllForGrouping","decl":{"start":{"line":105,"column":15},"end":{"line":105,"column":33}},"loc":{"start":{"line":105,"column":36},"end":{"line":115,"column":1}},"line":105},"11":{"name":"getStatusCounts","decl":{"start":{"line":120,"column":15},"end":{"line":120,"column":30}},"loc":{"start":{"line":120,"column":33},"end":{"line":123,"column":1}},"line":120},"12":{"name":"(anonymous_12)","decl":{"start":{"line":122,"column":39},"end":{"line":122,"column":40}},"loc":{"start":{"line":122,"column":44},"end":{"line":122,"column":59}},"line":122},"13":{"name":"getKpiAggregates","decl":{"start":{"line":128,"column":15},"end":{"line":128,"column":31}},"loc":{"start":{"line":128,"column":34},"end":{"line":140,"column":1}},"line":128},"14":{"name":"getDailyCounts","decl":{"start":{"line":145,"column":15},"end":{"line":145,"column":29}},"loc":{"start":{"line":145,"column":44},"end":{"line":150,"column":1}},"line":145},"15":{"name":"getServerDate","decl":{"start":{"line":155,"column":15},"end":{"line":155,"column":28}},"loc":{"start":{"line":155,"column":31},"end":{"line":158,"column":1}},"line":155}},"branchMap":{"0":{"loc":{"start":{"line":38,"column":28},"end":{"line":38,"column":44}},"type":"default-arg","locations":[{"start":{"line":38,"column":40},"end":{"line":38,"column":44}}],"line":38},"1":{"loc":{"start":{"line":81,"column":19},"end":{"line":81,"column":69}},"type":"cond-expr","locations":[{"start":{"line":81,"column":34},"end":{"line":81,"column":64}},{"start":{"line":81,"column":67},"end":{"line":81,"column":69}}],"line":81},"2":{"loc":{"start":{"line":157,"column":11},"end":{"line":157,"column":96}},"type":"cond-expr","locations":[{"start":{"line":157,"column":35},"end":{"line":157,"column":67}},{"start":{"line":157,"column":70},"end":{"line":157,"column":96}}],"line":157}},"s":{"0":1,"1":0,"2":0,"3":0,"4":0,"5":0,"6":0,"7":0,"8":0,"9":0,"10":0,"11":0,"12":0,"13":0,"14":0,"15":0,"16":0,"17":0,"18":0,"19":0,"20":0,"21":0,"22":0,"23":0,"24":0,"25":0,"26":0,"27":0,"28":0,"29":0,"30":1},"f":{"0":0,"1":0,"2":0,"3":0,"4":0,"5":0,"6":0,"7":0,"8":0,"9":0,"10":0,"11":0,"12":0,"13":0,"14":0,"15":0},"b":{"0":[0],"1":[0,0],"2":[0,0]},"_coverageSchema":"1a1c01bbd47fc00a2c39e90264f33305004495a9","hash":"6407885fab063c002369ee2ea9e5b6939fbb2e86"}
,"/Users/jay-agrawal/IdeaProjects/job-seeker/backend/src/repositories/recruiter.repository.js": {"path":"/Users/jay-agrawal/IdeaProjects/job-seeker/backend/src/repositories/recruiter.repository.js","statementMap":{"0":{"start":{"line":4,"column":11},"end":{"line":4,"column":38}},"1":{"start":{"line":12,"column":18},"end":{"line":12,"column":36}},"2":{"start":{"line":13,"column":19},"end":{"line":13,"column":30}},"3":{"start":{"line":15,"column":4},"end":{"line":18,"column":5}},"4":{"start":{"line":16,"column":8},"end":{"line":16,"column":55}},"5":{"start":{"line":17,"column":8},"end":{"line":17,"column":46}},"6":{"start":{"line":19,"column":15},"end":{"line":19,"column":77}},"7":{"start":{"line":20,"column":4},"end":{"line":23,"column":5}},"8":{"start":{"line":21,"column":8},"end":{"line":21,"column":33}},"9":{"start":{"line":22,"column":8},"end":{"line":22,"column":32}},"10":{"start":{"line":24,"column":4},"end":{"line":27,"column":5}},"11":{"start":{"line":25,"column":8},"end":{"line":25,"column":48}},"12":{"start":{"line":26,"column":8},"end":{"line":26,"column":50}},"13":{"start":{"line":28,"column":4},"end":{"line":31,"column":5}},"14":{"start":{"line":29,"column":8},"end":{"line":29,"column":48}},"15":{"start":{"line":30,"column":8},"end":{"line":30,"column":48}},"16":{"start":{"line":33,"column":19},"end":{"line":38,"column":54}},"17":{"start":{"line":39,"column":4},"end":{"line":39,"column":16}},"18":{"start":{"line":46,"column":19},"end":{"line":50,"column":35}},"19":{"start":{"line":51,"column":4},"end":{"line":51,"column":16}},"20":{"start":{"line":58,"column":19},"end":{"line":61,"column":20}},"21":{"start":{"line":62,"column":4},"end":{"line":62,"column":16}},"22":{"start":{"line":69,"column":4},"end":{"line":69,"column":31}},"23":{"start":{"line":69,"column":21},"end":{"line":69,"column":31}},"24":{"start":{"line":70,"column":19},"end":{"line":72,"column":72}},"25":{"start":{"line":73,"column":4},"end":{"line":73,"column":16}},"26":{"start":{"line":80,"column":19},"end":{"line":80,"column":87}},"27":{"start":{"line":81,"column":4},"end":{"line":81,"column":27}},"28":{"start":{"line":88,"column":19},"end":{"line":89,"column":90}},"29":{"start":{"line":90,"column":4},"end":{"line":90,"column":27}},"30":{"start":{"line":93,"column":0},"end":{"line":100,"column":2}}},"fnMap":{"0":{"name":"findByCompanyId","decl":{"start":{"line":11,"column":15},"end":{"line":11,"column":30}},"loc":{"start":{"line":11,"column":95},"end":{"line":40,"column":1}},"line":11},"1":{"name":"findTopActiveByCompanyId","decl":{"start":{"line":45,"column":15},"end":{"line":45,"column":39}},"loc":{"start":{"line":45,"column":58},"end":{"line":52,"column":1}},"line":45},"2":{"name":"findActiveByCompanyId","decl":{"start":{"line":57,"column":15},"end":{"line":57,"column":36}},"loc":{"start":{"line":57,"column":48},"end":{"line":63,"column":1}},"line":57},"3":{"name":"findByIds","decl":{"start":{"line":68,"column":15},"end":{"line":68,"column":24}},"loc":{"start":{"line":68,"column":30},"end":{"line":74,"column":1}},"line":68},"4":{"name":"findById","decl":{"start":{"line":79,"column":15},"end":{"line":79,"column":23}},"loc":{"start":{"line":79,"column":28},"end":{"line":82,"column":1}},"line":79},"5":{"name":"findPersonalisationData","decl":{"start":{"line":87,"column":15},"end":{"line":87,"column":38}},"loc":{"start":{"line":87,"column":52},"end":{"line":91,"column":1}},"line":87}},"branchMap":{"0":{"loc":{"start":{"line":11,"column":42},"end":{"line":11,"column":93}},"type":"default-arg","locations":[{"start":{"line":11,"column":91},"end":{"line":11,"column":93}}],"line":11},"1":{"loc":{"start":{"line":15,"column":4},"end":{"line":18,"column":5}},"type":"if","locations":[{"start":{"line":15,"column":4},"end":{"line":18,"column":5}},{"start":{},"end":{}}],"line":15},"2":{"loc":{"start":{"line":19,"column":15},"end":{"line":19,"column":77}},"type":"cond-expr","locations":[{"start":{"line":19,"column":57},"end":{"line":19,"column":60}},{"start":{"line":19,"column":63},"end":{"line":19,"column":77}}],"line":19},"3":{"loc":{"start":{"line":19,"column":16},"end":{"line":19,"column":53}},"type":"binary-expr","locations":[{"start":{"line":19,"column":16},"end":{"line":19,"column":36}},{"start":{"line":19,"column":40},"end":{"line":19,"column":53}}],"line":19},"4":{"loc":{"start":{"line":20,"column":4},"end":{"line":23,"column":5}},"type":"if","locations":[{"start":{"line":20,"column":4},"end":{"line":23,"column":5}},{"start":{},"end":{}}],"line":20},"5":{"loc":{"start":{"line":20,"column":8},"end":{"line":20,"column":32}},"type":"binary-expr","locations":[{"start":{"line":20,"column":8},"end":{"line":20,"column":18}},{"start":{"line":20,"column":22},"end":{"line":20,"column":32}}],"line":20},"6":{"loc":{"start":{"line":24,"column":4},"end":{"line":27,"column":5}},"type":"if","locations":[{"start":{"line":24,"column":4},"end":{"line":27,"column":5}},{"start":{},"end":{}}],"line":24},"7":{"loc":{"start":{"line":28,"column":4},"end":{"line":31,"column":5}},"type":"if","locations":[{"start":{"line":28,"column":4},"end":{"line":31,"column":5}},{"start":{},"end":{}}],"line":28},"8":{"loc":{"start":{"line":45,"column":51},"end":{"line":45,"column":56}},"type":"default-arg","locations":[{"start":{"line":45,"column":55},"end":{"line":45,"column":56}}],"line":45},"9":{"loc":{"start":{"line":69,"column":4},"end":{"line":69,"column":31}},"type":"if","locations":[{"start":{"line":69,"column":4},"end":{"line":69,"column":31}},{"start":{},"end":{}}],"line":69},"10":{"loc":{"start":{"line":81,"column":11},"end":{"line":81,"column":26}},"type":"binary-expr","locations":[{"start":{"line":81,"column":11},"end":{"line":81,"column":18}},{"start":{"line":81,"column":22},"end":{"line":81,"column":26}}],"line":81},"11":{"loc":{"start":{"line":90,"column":11},"end":{"line":90,"column":26}},"type":"binary-expr","locations":[{"start":{"line":90,"column":11},"end":{"line":90,"column":18}},{"start":{"line":90,"column":22},"end":{"line":90,"column":26}}],"line":90}},"s":{"0":1,"1":0,"2":0,"3":0,"4":0,"5":0,"6":0,"7":0,"8":0,"9":0,"10":0,"11":0,"12":0,"13":0,"14":0,"15":0,"16":0,"17":0,"18":0,"19":0,"20":0,"21":0,"22":0,"23":0,"24":0,"25":0,"26":0,"27":0,"28":0,"29":0,"30":1},"f":{"0":0,"1":0,"2":0,"3":0,"4":0,"5":0},"b":{"0":[0],"1":[0,0],"2":[0,0],"3":[0,0],"4":[0,0],"5":[0,0],"6":[0,0],"7":[0,0],"8":[0],"9":[0,0],"10":[0,0],"11":[0,0]},"_coverageSchema":"1a1c01bbd47fc00a2c39e90264f33305004495a9","hash":"4fa78d47e209af0ff3812b961abf1aa8c8d26ddf"}
,"/Users/jay-agrawal/IdeaProjects/job-seeker/backend/src/repositories/resume.repository.js": {"path":"/Users/jay-agrawal/IdeaProjects/job-seeker/backend/src/repositories/resume.repository.js","statementMap":{"0":{"start":{"line":4,"column":11},"end":{"line":4,"column":24}},"1":{"start":{"line":5,"column":13},"end":{"line":5,"column":28}},"2":{"start":{"line":6,"column":15},"end":{"line":6,"column":35}},"3":{"start":{"line":8,"column":12},"end":{"line":8,"column":34}},"4":{"start":{"line":11,"column":4},"end":{"line":11,"column":68}},"5":{"start":{"line":11,"column":29},"end":{"line":11,"column":68}},"6":{"start":{"line":18,"column":4},"end":{"line":18,"column":16}},"7":{"start":{"line":19,"column":4},"end":{"line":25,"column":49}},"8":{"start":{"line":20,"column":21},"end":{"line":20,"column":39}},"9":{"start":{"line":22,"column":23},"end":{"line":22,"column":53}},"10":{"start":{"line":23,"column":12},"end":{"line":23,"column":91}},"11":{"start":{"line":25,"column":24},"end":{"line":25,"column":47}},"12":{"start":{"line":33,"column":4},"end":{"line":33,"column":31}},"13":{"start":{"line":33,"column":19},"end":{"line":33,"column":31}},"14":{"start":{"line":34,"column":17},"end":{"line":34,"column":40}},"15":{"start":{"line":35,"column":4},"end":{"line":35,"column":39}},"16":{"start":{"line":35,"column":27},"end":{"line":35,"column":39}},"17":{"start":{"line":36,"column":17},"end":{"line":36,"column":37}},"18":{"start":{"line":37,"column":4},"end":{"line":37,"column":45}},"19":{"start":{"line":40,"column":0},"end":{"line":40,"column":64}}},"fnMap":{"0":{"name":"ensureDir","decl":{"start":{"line":10,"column":9},"end":{"line":10,"column":18}},"loc":{"start":{"line":10,"column":21},"end":{"line":12,"column":1}},"line":10},"1":{"name":"listResumes","decl":{"start":{"line":17,"column":9},"end":{"line":17,"column":20}},"loc":{"start":{"line":17,"column":23},"end":{"line":26,"column":1}},"line":17},"2":{"name":"(anonymous_2)","decl":{"start":{"line":20,"column":16},"end":{"line":20,"column":17}},"loc":{"start":{"line":20,"column":21},"end":{"line":20,"column":39}},"line":20},"3":{"name":"(anonymous_3)","decl":{"start":{"line":21,"column":13},"end":{"line":21,"column":14}},"loc":{"start":{"line":21,"column":18},"end":{"line":24,"column":9}},"line":21},"4":{"name":"(anonymous_4)","decl":{"start":{"line":25,"column":14},"end":{"line":25,"column":15}},"loc":{"start":{"line":25,"column":24},"end":{"line":25,"column":47}},"line":25},"5":{"name":"resolveResume","decl":{"start":{"line":32,"column":9},"end":{"line":32,"column":22}},"loc":{"start":{"line":32,"column":33},"end":{"line":38,"column":1}},"line":32}},"branchMap":{"0":{"loc":{"start":{"line":11,"column":4},"end":{"line":11,"column":68}},"type":"if","locations":[{"start":{"line":11,"column":4},"end":{"line":11,"column":68}},{"start":{},"end":{}}],"line":11},"1":{"loc":{"start":{"line":33,"column":4},"end":{"line":33,"column":31}},"type":"if","locations":[{"start":{"line":33,"column":4},"end":{"line":33,"column":31}},{"start":{},"end":{}}],"line":33},"2":{"loc":{"start":{"line":35,"column":4},"end":{"line":35,"column":39}},"type":"if","locations":[{"start":{"line":35,"column":4},"end":{"line":35,"column":39}},{"start":{},"end":{}}],"line":35},"3":{"loc":{"start":{"line":37,"column":11},"end":{"line":37,"column":44}},"type":"cond-expr","locations":[{"start":{"line":37,"column":33},"end":{"line":37,"column":37}},{"start":{"line":37,"column":40},"end":{"line":37,"column":44}}],"line":37}},"s":{"0":1,"1":1,"2":1,"3":1,"4":1,"5":0,"6":0,"7":0,"8":0,"9":0,"10":0,"11":0,"12":0,"13":0,"14":0,"15":0,"16":0,"17":0,"18":0,"19":1},"f":{"0":1,"1":0,"2":0,"3":0,"4":0,"5":0},"b":{"0":[0,1],"1":[0,0],"2":[0,0],"3":[0,0]},"_coverageSchema":"1a1c01bbd47fc00a2c39e90264f33305004495a9","hash":"9b8a9534caa7fe79564027cf05ab2d29e9751f51"}
,"/Users/jay-agrawal/IdeaProjects/job-seeker/backend/src/routes/company.routes.js": {"path":"/Users/jay-agrawal/IdeaProjects/job-seeker/backend/src/routes/company.routes.js","statementMap":{"0":{"start":{"line":4,"column":16},"end":{"line":4,"column":34}},"1":{"start":{"line":5,"column":15},"end":{"line":5,"column":31}},"2":{"start":{"line":6,"column":21},"end":{"line":6,"column":58}},"3":{"start":{"line":7,"column":20},"end":{"line":7,"column":64}},"4":{"start":{"line":12,"column":0},"end":{"line":12,"column":57}},"5":{"start":{"line":15,"column":0},"end":{"line":15,"column":71}},"6":{"start":{"line":18,"column":0},"end":{"line":18,"column":64}},"7":{"start":{"line":20,"column":0},"end":{"line":20,"column":24}}},"fnMap":{},"branchMap":{},"s":{"0":1,"1":1,"2":1,"3":1,"4":1,"5":1,"6":1,"7":1},"f":{},"b":{},"_coverageSchema":"1a1c01bbd47fc00a2c39e90264f33305004495a9","hash":"df6cb209f5f15bf732fdd39299866adf47bd7f01"}
,"/Users/jay-agrawal/IdeaProjects/job-seeker/backend/src/routes/index.js": {"path":"/Users/jay-agrawal/IdeaProjects/job-seeker/backend/src/routes/index.js","statementMap":{"0":{"start":{"line":7,"column":16},"end":{"line":7,"column":34}},"1":{"start":{"line":8,"column":15},"end":{"line":8,"column":31}},"2":{"start":{"line":9,"column":22},"end":{"line":9,"column":55}},"3":{"start":{"line":11,"column":22},"end":{"line":11,"column":49}},"4":{"start":{"line":12,"column":24},"end":{"line":12,"column":53}},"5":{"start":{"line":13,"column":19},"end":{"line":13,"column":43}},"6":{"start":{"line":14,"column":21},"end":{"line":14,"column":47}},"7":{"start":{"line":15,"column":23},"end":{"line":15,"column":51}},"8":{"start":{"line":18,"column":0},"end":{"line":18,"column":61}},"9":{"start":{"line":18,"column":37},"end":{"line":18,"column":59}},"10":{"start":{"line":21,"column":0},"end":{"line":21,"column":60}},"11":{"start":{"line":21,"column":39},"end":{"line":21,"column":58}},"12":{"start":{"line":24,"column":0},"end":{"line":24,"column":40}},"13":{"start":{"line":25,"column":0},"end":{"line":25,"column":33}},"14":{"start":{"line":26,"column":0},"end":{"line":26,"column":28}},"15":{"start":{"line":27,"column":0},"end":{"line":27,"column":37}},"16":{"start":{"line":28,"column":0},"end":{"line":28,"column":37}},"17":{"start":{"line":30,"column":0},"end":{"line":30,"column":24}}},"fnMap":{"0":{"name":"(anonymous_0)","decl":{"start":{"line":18,"column":23},"end":{"line":18,"column":24}},"loc":{"start":{"line":18,"column":37},"end":{"line":18,"column":59}},"line":18},"1":{"name":"(anonymous_1)","decl":{"start":{"line":21,"column":25},"end":{"line":21,"column":26}},"loc":{"start":{"line":21,"column":39},"end":{"line":21,"column":58}},"line":21}},"branchMap":{},"s":{"0":1,"1":1,"2":1,"3":1,"4":1,"5":1,"6":1,"7":1,"8":1,"9":0,"10":1,"11":0,"12":1,"13":1,"14":1,"15":1,"16":1,"17":1},"f":{"0":0,"1":0},"b":{},"_coverageSchema":"1a1c01bbd47fc00a2c39e90264f33305004495a9","hash":"1d30a26cf03e4c62ce00400edc2ff0d77785dd39"}
,"/Users/jay-agrawal/IdeaProjects/job-seeker/backend/src/routes/mail.routes.js": {"path":"/Users/jay-agrawal/IdeaProjects/job-seeker/backend/src/routes/mail.routes.js","statementMap":{"0":{"start":{"line":4,"column":16},"end":{"line":4,"column":34}},"1":{"start":{"line":5,"column":15},"end":{"line":5,"column":31}},"2":{"start":{"line":6,"column":21},"end":{"line":6,"column":58}},"3":{"start":{"line":7,"column":17},"end":{"line":7,"column":58}},"4":{"start":{"line":10,"column":0},"end":{"line":10,"column":48}},"5":{"start":{"line":13,"column":0},"end":{"line":13,"column":89}},"6":{"start":{"line":16,"column":0},"end":{"line":16,"column":89}},"7":{"start":{"line":19,"column":0},"end":{"line":19,"column":71}},"8":{"start":{"line":22,"column":0},"end":{"line":22,"column":63}},"9":{"start":{"line":25,"column":0},"end":{"line":25,"column":61}},"10":{"start":{"line":28,"column":0},"end":{"line":28,"column":76}},"11":{"start":{"line":31,"column":0},"end":{"line":31,"column":63}},"12":{"start":{"line":33,"column":0},"end":{"line":33,"column":24}}},"fnMap":{},"branchMap":{},"s":{"0":1,"1":1,"2":1,"3":1,"4":1,"5":1,"6":1,"7":1,"8":1,"9":1,"10":1,"11":1,"12":1},"f":{},"b":{},"_coverageSchema":"1a1c01bbd47fc00a2c39e90264f33305004495a9","hash":"fbeb70867b677798d47b81a778b4eebd732ce5fa"}
,"/Users/jay-agrawal/IdeaProjects/job-seeker/backend/src/routes/recruiter.routes.js": {"path":"/Users/jay-agrawal/IdeaProjects/job-seeker/backend/src/routes/recruiter.routes.js","statementMap":{"0":{"start":{"line":4,"column":16},"end":{"line":4,"column":34}},"1":{"start":{"line":5,"column":15},"end":{"line":5,"column":31}},"2":{"start":{"line":6,"column":21},"end":{"line":6,"column":58}},"3":{"start":{"line":7,"column":22},"end":{"line":7,"column":68}},"4":{"start":{"line":10,"column":0},"end":{"line":10,"column":101}},"5":{"start":{"line":13,"column":0},"end":{"line":13,"column":72}},"6":{"start":{"line":15,"column":0},"end":{"line":15,"column":24}}},"fnMap":{},"branchMap":{},"s":{"0":1,"1":1,"2":1,"3":1,"4":1,"5":1,"6":1},"f":{},"b":{},"_coverageSchema":"1a1c01bbd47fc00a2c39e90264f33305004495a9","hash":"0b05c9762d520d37a50f35a70ec2d57c44831c58"}
,"/Users/jay-agrawal/IdeaProjects/job-seeker/backend/src/routes/resume.routes.js": {"path":"/Users/jay-agrawal/IdeaProjects/job-seeker/backend/src/routes/resume.routes.js","statementMap":{"0":{"start":{"line":4,"column":16},"end":{"line":4,"column":34}},"1":{"start":{"line":5,"column":13},"end":{"line":5,"column":28}},"2":{"start":{"line":6,"column":15},"end":{"line":6,"column":32}},"3":{"start":{"line":7,"column":15},"end":{"line":7,"column":31}},"4":{"start":{"line":8,"column":19},"end":{"line":8,"column":63}},"5":{"start":{"line":9,"column":19},"end":{"line":9,"column":62}},"6":{"start":{"line":12,"column":0},"end":{"line":12,"column":23}},"7":{"start":{"line":13,"column":15},"end":{"line":20,"column":2}},"8":{"start":{"line":15,"column":40},"end":{"line":15,"column":64}},"9":{"start":{"line":16,"column":37},"end":{"line":16,"column":107}},"10":{"start":{"line":19,"column":35},"end":{"line":19,"column":87}},"11":{"start":{"line":22,"column":0},"end":{"line":22,"column":40}},"12":{"start":{"line":23,"column":0},"end":{"line":23,"column":67}},"13":{"start":{"line":25,"column":0},"end":{"line":25,"column":24}}},"fnMap":{"0":{"name":"(anonymous_0)","decl":{"start":{"line":15,"column":21},"end":{"line":15,"column":22}},"loc":{"start":{"line":15,"column":40},"end":{"line":15,"column":64}},"line":15},"1":{"name":"(anonymous_1)","decl":{"start":{"line":16,"column":18},"end":{"line":16,"column":19}},"loc":{"start":{"line":16,"column":37},"end":{"line":16,"column":107}},"line":16},"2":{"name":"(anonymous_2)","decl":{"start":{"line":19,"column":16},"end":{"line":19,"column":17}},"loc":{"start":{"line":19,"column":35},"end":{"line":19,"column":87}},"line":19}},"branchMap":{},"s":{"0":1,"1":1,"2":1,"3":1,"4":1,"5":1,"6":1,"7":1,"8":0,"9":0,"10":0,"11":1,"12":1,"13":1},"f":{"0":0,"1":0,"2":0},"b":{},"_coverageSchema":"1a1c01bbd47fc00a2c39e90264f33305004495a9","hash":"399f822daedaefdef67559161e2c3137b0d52727"}
,"/Users/jay-agrawal/IdeaProjects/job-seeker/backend/src/routes/tracking.routes.js": {"path":"/Users/jay-agrawal/IdeaProjects/job-seeker/backend/src/routes/tracking.routes.js","statementMap":{"0":{"start":{"line":4,"column":16},"end":{"line":4,"column":34}},"1":{"start":{"line":5,"column":15},"end":{"line":5,"column":31}},"2":{"start":{"line":6,"column":21},"end":{"line":6,"column":66}},"3":{"start":{"line":9,"column":0},"end":{"line":9,"column":52}},"4":{"start":{"line":11,"column":0},"end":{"line":11,"column":24}}},"fnMap":{},"branchMap":{},"s":{"0":1,"1":1,"2":1,"3":1,"4":1},"f":{},"b":{},"_coverageSchema":"1a1c01bbd47fc00a2c39e90264f33305004495a9","hash":"950a98711c094f61cc93f9159125d4a5e6b7e2c3"}
,"/Users/jay-agrawal/IdeaProjects/job-seeker/backend/src/services/company.service.js": {"path":"/Users/jay-agrawal/IdeaProjects/job-seeker/backend/src/services/company.service.js","statementMap":{"0":{"start":{"line":7,"column":20},"end":{"line":7,"column":65}},"1":{"start":{"line":14,"column":18},"end":{"line":14,"column":20}},"2":{"start":{"line":15,"column":19},"end":{"line":15,"column":21}},"3":{"start":{"line":17,"column":4},"end":{"line":21,"column":5}},"4":{"start":{"line":18,"column":8},"end":{"line":18,"column":84}},"5":{"start":{"line":19,"column":21},"end":{"line":19,"column":36}},"6":{"start":{"line":20,"column":8},"end":{"line":20,"column":38}},"7":{"start":{"line":23,"column":19},"end":{"line":23,"column":87}},"8":{"start":{"line":24,"column":4},"end":{"line":27,"column":5}},"9":{"start":{"line":25,"column":8},"end":{"line":25,"column":33}},"10":{"start":{"line":26,"column":8},"end":{"line":26,"column":36}},"11":{"start":{"line":28,"column":4},"end":{"line":31,"column":5}},"12":{"start":{"line":29,"column":8},"end":{"line":29,"column":48}},"13":{"start":{"line":30,"column":8},"end":{"line":30,"column":52}},"14":{"start":{"line":32,"column":4},"end":{"line":35,"column":5}},"15":{"start":{"line":33,"column":8},"end":{"line":33,"column":48}},"16":{"start":{"line":34,"column":8},"end":{"line":34,"column":50}},"17":{"start":{"line":36,"column":4},"end":{"line":42,"column":5}},"18":{"start":{"line":37,"column":20},"end":{"line":37,"column":99}},"19":{"start":{"line":37,"column":60},"end":{"line":37,"column":75}},"20":{"start":{"line":37,"column":89},"end":{"line":37,"column":98}},"21":{"start":{"line":38,"column":8},"end":{"line":41,"column":9}},"22":{"start":{"line":39,"column":12},"end":{"line":39,"column":103}},"23":{"start":{"line":39,"column":43},"end":{"line":39,"column":81}},"24":{"start":{"line":40,"column":12},"end":{"line":40,"column":32}},"25":{"start":{"line":43,"column":4},"end":{"line":46,"column":5}},"26":{"start":{"line":44,"column":8},"end":{"line":44,"column":33}},"27":{"start":{"line":45,"column":8},"end":{"line":45,"column":38}},"28":{"start":{"line":47,"column":4},"end":{"line":50,"column":5}},"29":{"start":{"line":48,"column":8},"end":{"line":48,"column":33}},"30":{"start":{"line":49,"column":8},"end":{"line":49,"column":38}},"31":{"start":{"line":51,"column":4},"end":{"line":54,"column":5}},"32":{"start":{"line":52,"column":8},"end":{"line":52,"column":34}},"33":{"start":{"line":53,"column":8},"end":{"line":53,"column":38}},"34":{"start":{"line":55,"column":4},"end":{"line":58,"column":5}},"35":{"start":{"line":56,"column":8},"end":{"line":56,"column":34}},"36":{"start":{"line":57,"column":8},"end":{"line":57,"column":38}},"37":{"start":{"line":60,"column":4},"end":{"line":60,"column":82}},"38":{"start":{"line":67,"column":31},"end":{"line":67,"column":50}},"39":{"start":{"line":68,"column":17},"end":{"line":68,"column":59}},"40":{"start":{"line":69,"column":18},"end":{"line":69,"column":77}},"41":{"start":{"line":70,"column":19},"end":{"line":70,"column":37}},"42":{"start":{"line":72,"column":20},"end":{"line":72,"column":54}},"43":{"start":{"line":73,"column":20},"end":{"line":73,"column":60}},"44":{"start":{"line":74,"column":20},"end":{"line":76,"column":57}},"45":{"start":{"line":78,"column":18},"end":{"line":78,"column":66}},"46":{"start":{"line":79,"column":22},"end":{"line":79,"column":93}},"47":{"start":{"line":81,"column":4},"end":{"line":81,"column":45}},"48":{"start":{"line":88,"column":4},"end":{"line":88,"column":49}},"49":{"start":{"line":95,"column":4},"end":{"line":95,"column":43}},"50":{"start":{"line":98,"column":0},"end":{"line":98,"column":64}}},"fnMap":{"0":{"name":"buildFilters","decl":{"start":{"line":13,"column":9},"end":{"line":13,"column":21}},"loc":{"start":{"line":13,"column":25},"end":{"line":61,"column":1}},"line":13},"1":{"name":"(anonymous_1)","decl":{"start":{"line":37,"column":55},"end":{"line":37,"column":56}},"loc":{"start":{"line":37,"column":60},"end":{"line":37,"column":75}},"line":37},"2":{"name":"(anonymous_2)","decl":{"start":{"line":37,"column":84},"end":{"line":37,"column":85}},"loc":{"start":{"line":37,"column":89},"end":{"line":37,"column":98}},"line":37},"3":{"name":"(anonymous_3)","decl":{"start":{"line":39,"column":37},"end":{"line":39,"column":38}},"loc":{"start":{"line":39,"column":43},"end":{"line":39,"column":81}},"line":39},"4":{"name":"listCompanies","decl":{"start":{"line":66,"column":15},"end":{"line":66,"column":28}},"loc":{"start":{"line":66,"column":36},"end":{"line":82,"column":1}},"line":66},"5":{"name":"searchCompanies","decl":{"start":{"line":87,"column":15},"end":{"line":87,"column":30}},"loc":{"start":{"line":87,"column":49},"end":{"line":89,"column":1}},"line":87},"6":{"name":"getCompany","decl":{"start":{"line":94,"column":15},"end":{"line":94,"column":25}},"loc":{"start":{"line":94,"column":37},"end":{"line":96,"column":1}},"line":94}},"branchMap":{"0":{"loc":{"start":{"line":17,"column":4},"end":{"line":21,"column":5}},"type":"if","locations":[{"start":{"line":17,"column":4},"end":{"line":21,"column":5}},{"start":{},"end":{}}],"line":17},"1":{"loc":{"start":{"line":23,"column":19},"end":{"line":23,"column":87}},"type":"cond-expr","locations":[{"start":{"line":23,"column":65},"end":{"line":23,"column":68}},{"start":{"line":23,"column":71},"end":{"line":23,"column":87}}],"line":23},"2":{"loc":{"start":{"line":23,"column":20},"end":{"line":23,"column":61}},"type":"binary-expr","locations":[{"start":{"line":23,"column":20},"end":{"line":23,"column":42}},{"start":{"line":23,"column":46},"end":{"line":23,"column":61}}],"line":23},"3":{"loc":{"start":{"line":24,"column":4},"end":{"line":27,"column":5}},"type":"if","locations":[{"start":{"line":24,"column":4},"end":{"line":27,"column":5}},{"start":{},"end":{}}],"line":24},"4":{"loc":{"start":{"line":24,"column":8},"end":{"line":24,"column":40}},"type":"binary-expr","locations":[{"start":{"line":24,"column":8},"end":{"line":24,"column":22}},{"start":{"line":24,"column":26},"end":{"line":24,"column":40}}],"line":24},"5":{"loc":{"start":{"line":28,"column":4},"end":{"line":31,"column":5}},"type":"if","locations":[{"start":{"line":28,"column":4},"end":{"line":31,"column":5}},{"start":{},"end":{}}],"line":28},"6":{"loc":{"start":{"line":32,"column":4},"end":{"line":35,"column":5}},"type":"if","locations":[{"start":{"line":32,"column":4},"end":{"line":35,"column":5}},{"start":{},"end":{}}],"line":32},"7":{"loc":{"start":{"line":36,"column":4},"end":{"line":42,"column":5}},"type":"if","locations":[{"start":{"line":36,"column":4},"end":{"line":42,"column":5}},{"start":{},"end":{}}],"line":36},"8":{"loc":{"start":{"line":38,"column":8},"end":{"line":41,"column":9}},"type":"if","locations":[{"start":{"line":38,"column":8},"end":{"line":41,"column":9}},{"start":{},"end":{}}],"line":38},"9":{"loc":{"start":{"line":43,"column":4},"end":{"line":46,"column":5}},"type":"if","locations":[{"start":{"line":43,"column":4},"end":{"line":46,"column":5}},{"start":{},"end":{}}],"line":43},"10":{"loc":{"start":{"line":43,"column":8},"end":{"line":43,"column":49}},"type":"binary-expr","locations":[{"start":{"line":43,"column":8},"end":{"line":43,"column":30}},{"start":{"line":43,"column":34},"end":{"line":43,"column":49}}],"line":43},"11":{"loc":{"start":{"line":47,"column":4},"end":{"line":50,"column":5}},"type":"if","locations":[{"start":{"line":47,"column":4},"end":{"line":50,"column":5}},{"start":{},"end":{}}],"line":47},"12":{"loc":{"start":{"line":47,"column":8},"end":{"line":47,"column":49}},"type":"binary-expr","locations":[{"start":{"line":47,"column":8},"end":{"line":47,"column":30}},{"start":{"line":47,"column":34},"end":{"line":47,"column":49}}],"line":47},"13":{"loc":{"start":{"line":51,"column":4},"end":{"line":54,"column":5}},"type":"if","locations":[{"start":{"line":51,"column":4},"end":{"line":54,"column":5}},{"start":{},"end":{}}],"line":51},"14":{"loc":{"start":{"line":51,"column":8},"end":{"line":51,"column":49}},"type":"binary-expr","locations":[{"start":{"line":51,"column":8},"end":{"line":51,"column":30}},{"start":{"line":51,"column":34},"end":{"line":51,"column":49}}],"line":51},"15":{"loc":{"start":{"line":55,"column":4},"end":{"line":58,"column":5}},"type":"if","locations":[{"start":{"line":55,"column":4},"end":{"line":58,"column":5}},{"start":{},"end":{}}],"line":55},"16":{"loc":{"start":{"line":55,"column":8},"end":{"line":55,"column":49}},"type":"binary-expr","locations":[{"start":{"line":55,"column":8},"end":{"line":55,"column":30}},{"start":{"line":55,"column":34},"end":{"line":55,"column":49}}],"line":55},"17":{"loc":{"start":{"line":60,"column":21},"end":{"line":60,"column":71}},"type":"cond-expr","locations":[{"start":{"line":60,"column":36},"end":{"line":60,"column":66}},{"start":{"line":60,"column":69},"end":{"line":60,"column":71}}],"line":60},"18":{"loc":{"start":{"line":68,"column":29},"end":{"line":68,"column":58}},"type":"binary-expr","locations":[{"start":{"line":68,"column":29},"end":{"line":68,"column":53}},{"start":{"line":68,"column":57},"end":{"line":68,"column":58}}],"line":68},"19":{"loc":{"start":{"line":69,"column":44},"end":{"line":69,"column":75}},"type":"binary-expr","locations":[{"start":{"line":69,"column":44},"end":{"line":69,"column":69}},{"start":{"line":69,"column":73},"end":{"line":69,"column":75}}],"line":69},"20":{"loc":{"start":{"line":73,"column":20},"end":{"line":73,"column":60}},"type":"cond-expr","locations":[{"start":{"line":73,"column":46},"end":{"line":73,"column":51}},{"start":{"line":73,"column":54},"end":{"line":73,"column":60}}],"line":73},"21":{"loc":{"start":{"line":74,"column":20},"end":{"line":76,"column":57}},"type":"cond-expr","locations":[{"start":{"line":75,"column":10},"end":{"line":75,"column":58}},{"start":{"line":76,"column":10},"end":{"line":76,"column":57}}],"line":74},"22":{"loc":{"start":{"line":87,"column":37},"end":{"line":87,"column":47}},"type":"default-arg","locations":[{"start":{"line":87,"column":45},"end":{"line":87,"column":47}}],"line":87}},"s":{"0":1,"1":1,"2":1,"3":1,"4":0,"5":0,"6":0,"7":1,"8":1,"9":1,"10":1,"11":1,"12":0,"13":0,"14":1,"15":0,"16":0,"17":1,"18":0,"19":0,"20":0,"21":0,"22":0,"23":0,"24":0,"25":1,"26":0,"27":0,"28":1,"29":0,"30":0,"31":1,"32":0,"33":0,"34":1,"35":0,"36":0,"37":1,"38":1,"39":1,"40":1,"41":1,"42":1,"43":1,"44":1,"45":1,"46":1,"47":1,"48":1,"49":2,"50":1},"f":{"0":1,"1":0,"2":0,"3":0,"4":1,"5":1,"6":2},"b":{"0":[0,1],"1":[1,0],"2":[1,0],"3":[1,0],"4":[1,1],"5":[0,1],"6":[0,1],"7":[0,1],"8":[0,0],"9":[0,1],"10":[1,0],"11":[0,1],"12":[1,0],"13":[0,1],"14":[1,0],"15":[0,1],"16":[1,0],"17":[1,0],"18":[1,0],"19":[1,0],"20":[0,1],"21":[0,1],"22":[1]},"_coverageSchema":"1a1c01bbd47fc00a2c39e90264f33305004495a9","hash":"5b9dba4a377b295ade6571134f80727be82ea158"}
,"/Users/jay-agrawal/IdeaProjects/job-seeker/backend/src/services/mail.service.js": {"path":"/Users/jay-agrawal/IdeaProjects/job-seeker/backend/src/services/mail.service.js","statementMap":{"0":{"start":{"line":7,"column":11},"end":{"line":7,"column":24}},"1":{"start":{"line":8,"column":13},"end":{"line":8,"column":28}},"2":{"start":{"line":9,"column":19},"end":{"line":9,"column":40}},"3":{"start":{"line":10,"column":15},"end":{"line":10,"column":35}},"4":{"start":{"line":11,"column":19},"end":{"line":11,"column":63}},"5":{"start":{"line":12,"column":18},"end":{"line":12,"column":47}},"6":{"start":{"line":14,"column":16},"end":{"line":14,"column":61}},"7":{"start":{"line":17,"column":4},"end":{"line":17,"column":39}},"8":{"start":{"line":17,"column":27},"end":{"line":17,"column":39}},"9":{"start":{"line":18,"column":4},"end":{"line":23,"column":7}},"10":{"start":{"line":27,"column":17},"end":{"line":27,"column":51}},"11":{"start":{"line":28,"column":4},"end":{"line":28,"column":27}},"12":{"start":{"line":28,"column":15},"end":{"line":28,"column":27}},"13":{"start":{"line":29,"column":4},"end":{"line":29,"column":102}},"14":{"start":{"line":37,"column":4},"end":{"line":41,"column":5}},"15":{"start":{"line":38,"column":20},"end":{"line":38,"column":66}},"16":{"start":{"line":39,"column":8},"end":{"line":39,"column":29}},"17":{"start":{"line":40,"column":8},"end":{"line":40,"column":18}},"18":{"start":{"line":42,"column":4},"end":{"line":45,"column":5}},"19":{"start":{"line":43,"column":8},"end":{"line":43,"column":74}},"20":{"start":{"line":44,"column":8},"end":{"line":44,"column":48}},"21":{"start":{"line":46,"column":4},"end":{"line":50,"column":5}},"22":{"start":{"line":47,"column":20},"end":{"line":47,"column":61}},"23":{"start":{"line":48,"column":8},"end":{"line":48,"column":29}},"24":{"start":{"line":49,"column":8},"end":{"line":49,"column":18}},"25":{"start":{"line":51,"column":23},"end":{"line":51,"column":73}},"26":{"start":{"line":53,"column":4},"end":{"line":64,"column":5}},"27":{"start":{"line":54,"column":20},"end":{"line":61,"column":10}},"28":{"start":{"line":62,"column":8},"end":{"line":62,"column":81}},"29":{"start":{"line":62,"column":21},"end":{"line":62,"column":81}},"30":{"start":{"line":63,"column":8},"end":{"line":63,"column":51}},"31":{"start":{"line":66,"column":4},"end":{"line":69,"column":7}},"32":{"start":{"line":70,"column":4},"end":{"line":70,"column":42}},"33":{"start":{"line":73,"column":0},"end":{"line":73,"column":73}}},"fnMap":{"0":{"name":"createTransporter","decl":{"start":{"line":16,"column":9},"end":{"line":16,"column":26}},"loc":{"start":{"line":16,"column":29},"end":{"line":24,"column":1}},"line":16},"1":{"name":"loadResume","decl":{"start":{"line":26,"column":9},"end":{"line":26,"column":19}},"loc":{"start":{"line":26,"column":30},"end":{"line":30,"column":1}},"line":26},"2":{"name":"sendMailNow","decl":{"start":{"line":36,"column":15},"end":{"line":36,"column":26}},"loc":{"start":{"line":36,"column":85},"end":{"line":71,"column":1}},"line":36}},"branchMap":{"0":{"loc":{"start":{"line":14,"column":16},"end":{"line":14,"column":61}},"type":"binary-expr","locations":[{"start":{"line":14,"column":16},"end":{"line":14,"column":33}},{"start":{"line":14,"column":37},"end":{"line":14,"column":61}}],"line":14},"1":{"loc":{"start":{"line":17,"column":4},"end":{"line":17,"column":39}},"type":"if","locations":[{"start":{"line":17,"column":4},"end":{"line":17,"column":39}},{"start":{},"end":{}}],"line":17},"2":{"loc":{"start":{"line":22,"column":14},"end":{"line":22,"column":99}},"type":"cond-expr","locations":[{"start":{"line":22,"column":33},"end":{"line":22,"column":87}},{"start":{"line":22,"column":90},"end":{"line":22,"column":99}}],"line":22},"3":{"loc":{"start":{"line":28,"column":4},"end":{"line":28,"column":27}},"type":"if","locations":[{"start":{"line":28,"column":4},"end":{"line":28,"column":27}},{"start":{},"end":{}}],"line":28},"4":{"loc":{"start":{"line":36,"column":60},"end":{"line":36,"column":81}},"type":"default-arg","locations":[{"start":{"line":36,"column":77},"end":{"line":36,"column":81}}],"line":36},"5":{"loc":{"start":{"line":37,"column":4},"end":{"line":41,"column":5}},"type":"if","locations":[{"start":{"line":37,"column":4},"end":{"line":41,"column":5}},{"start":{},"end":{}}],"line":37},"6":{"loc":{"start":{"line":37,"column":8},"end":{"line":37,"column":32}},"type":"binary-expr","locations":[{"start":{"line":37,"column":8},"end":{"line":37,"column":11}},{"start":{"line":37,"column":15},"end":{"line":37,"column":23}},{"start":{"line":37,"column":27},"end":{"line":37,"column":32}}],"line":37},"7":{"loc":{"start":{"line":42,"column":4},"end":{"line":45,"column":5}},"type":"if","locations":[{"start":{"line":42,"column":4},"end":{"line":45,"column":5}},{"start":{},"end":{}}],"line":42},"8":{"loc":{"start":{"line":46,"column":4},"end":{"line":50,"column":5}},"type":"if","locations":[{"start":{"line":46,"column":4},"end":{"line":50,"column":5}},{"start":{},"end":{}}],"line":46},"9":{"loc":{"start":{"line":51,"column":23},"end":{"line":51,"column":73}},"type":"cond-expr","locations":[{"start":{"line":51,"column":40},"end":{"line":51,"column":66}},{"start":{"line":51,"column":69},"end":{"line":51,"column":73}}],"line":51},"10":{"loc":{"start":{"line":53,"column":4},"end":{"line":64,"column":5}},"type":"if","locations":[{"start":{"line":53,"column":4},"end":{"line":64,"column":5}},{"start":{},"end":{}}],"line":53},"11":{"loc":{"start":{"line":59,"column":20},"end":{"line":59,"column":120}},"type":"cond-expr","locations":[{"start":{"line":59,"column":33},"end":{"line":59,"column":115}},{"start":{"line":59,"column":118},"end":{"line":59,"column":120}}],"line":59},"12":{"loc":{"start":{"line":62,"column":8},"end":{"line":62,"column":81}},"type":"if","locations":[{"start":{"line":62,"column":8},"end":{"line":62,"column":81}},{"start":{},"end":{}}],"line":62},"13":{"loc":{"start":{"line":68,"column":12},"end":{"line":68,"column":137}},"type":"cond-expr","locations":[{"start":{"line":68,"column":25},"end":{"line":68,"column":132}},{"start":{"line":68,"column":135},"end":{"line":68,"column":137}}],"line":68}},"s":{"0":1,"1":1,"2":1,"3":1,"4":1,"5":1,"6":1,"7":0,"8":0,"9":0,"10":0,"11":0,"12":0,"13":0,"14":0,"15":0,"16":0,"17":0,"18":0,"19":0,"20":0,"21":0,"22":0,"23":0,"24":0,"25":0,"26":0,"27":0,"28":0,"29":0,"30":0,"31":0,"32":0,"33":1},"f":{"0":0,"1":0,"2":0},"b":{"0":[1,0],"1":[0,0],"2":[0,0],"3":[0,0],"4":[0],"5":[0,0],"6":[0,0,0],"7":[0,0],"8":[0,0],"9":[0,0],"10":[0,0],"11":[0,0],"12":[0,0],"13":[0,0]},"_coverageSchema":"1a1c01bbd47fc00a2c39e90264f33305004495a9","hash":"0aba1929ff171797d616156baaee87de4272f509"}
,"/Users/jay-agrawal/IdeaProjects/job-seeker/backend/src/services/mailQueue.service.js": {"path":"/Users/jay-agrawal/IdeaProjects/job-seeker/backend/src/services/mailQueue.service.js","statementMap":{"0":{"start":{"line":8,"column":15},"end":{"line":8,"column":35}},"1":{"start":{"line":9,"column":17},"end":{"line":9,"column":59}},"2":{"start":{"line":20,"column":17},"end":{"line":20,"column":18}},"3":{"start":{"line":20,"column":30},"end":{"line":20,"column":31}},"4":{"start":{"line":22,"column":4},"end":{"line":37,"column":5}},"5":{"start":{"line":23,"column":23},"end":{"line":23,"column":73}},"6":{"start":{"line":24,"column":8},"end":{"line":24,"column":44}},"7":{"start":{"line":24,"column":22},"end":{"line":24,"column":32}},"8":{"start":{"line":24,"column":33},"end":{"line":24,"column":42}},"9":{"start":{"line":26,"column":8},"end":{"line":35,"column":11}},"10":{"start":{"line":36,"column":8},"end":{"line":36,"column":17}},"11":{"start":{"line":39,"column":4},"end":{"line":39,"column":54}},"12":{"start":{"line":46,"column":18},"end":{"line":46,"column":20}},"13":{"start":{"line":47,"column":19},"end":{"line":47,"column":21}},"14":{"start":{"line":48,"column":4},"end":{"line":48,"column":81}},"15":{"start":{"line":48,"column":24},"end":{"line":48,"column":52}},"16":{"start":{"line":48,"column":53},"end":{"line":48,"column":79}},"17":{"start":{"line":49,"column":4},"end":{"line":49,"column":91}},"18":{"start":{"line":49,"column":27},"end":{"line":49,"column":59}},"19":{"start":{"line":49,"column":60},"end":{"line":49,"column":89}},"20":{"start":{"line":50,"column":4},"end":{"line":50,"column":97}},"21":{"start":{"line":50,"column":29},"end":{"line":50,"column":63}},"22":{"start":{"line":50,"column":64},"end":{"line":50,"column":95}},"23":{"start":{"line":52,"column":17},"end":{"line":52,"column":59}},"24":{"start":{"line":53,"column":18},"end":{"line":53,"column":77}},"25":{"start":{"line":54,"column":19},"end":{"line":54,"column":37}},"26":{"start":{"line":56,"column":19},"end":{"line":56,"column":72}},"27":{"start":{"line":57,"column":4},"end":{"line":57,"column":38}},"28":{"start":{"line":64,"column":17},"end":{"line":64,"column":52}},"29":{"start":{"line":66,"column":22},"end":{"line":66,"column":31}},"30":{"start":{"line":
[...]
":{"line":116,"column":25}},"57":{"start":{"line":117,"column":18},"end":{"line":117,"column":32}},"58":{"start":{"line":118,"column":8},"end":{"line":118,"column":44}},"59":{"start":{"line":119,"column":20},"end":{"line":119,"column":48}},"60":{"start":{"line":120,"column":8},"end":{"line":120,"column":95}},"61":{"start":{"line":123,"column":22},"end":{"line":123,"column":48}},"62":{"start":{"line":124,"column":19},"end":{"line":124,"column":42}},"63":{"start":{"line":125,"column":20},"end":{"line":125,"column":41}},"64":{"start":{"line":127,"column":4},"end":{"line":139,"column":6}},"65":{"start":{"line":142,"column":0},"end":{"line":142,"column":70}}},"fnMap":{"0":{"name":"queueMails","decl":{"start":{"line":19,"column":15},"end":{"line":19,"column":25}},"loc":{"start":{"line":19,"column":124},"end":{"line":40,"column":1}},"line":19},"1":{"name":"listLogs","decl":{"start":{"line":45,"column":15},"end":{"line":45,"column":23}},"loc":{"start":{"line":45,"column":31},"end":{"line":58,"column":1}},"line":45},"2":{"name":"listLogsGrouped","decl":{"start":{"line":63,"column":15},"end":{"line":63,"column":30}},"loc":{"start":{"line":63,"column":33},"end":{"line":92,"column":1}},"line":63},"3":{"name":"(anonymous_3)","decl":{"start":{"line":88,"column":39},"end":{"line":88,"column":40}},"loc":{"start":{"line":88,"column":46},"end":{"line":91,"column":5}},"line":88},"4":{"name":"mailStats","decl":{"start":{"line":97,"column":15},"end":{"line":97,"column":24}},"loc":{"start":{"line":97,"column":35},"end":{"line":140,"column":1}},"line":97},"5":{"name":"(anonymous_5)","decl":{"start":{"line":107,"column":18},"end":{"line":107,"column":19}},"loc":{"start":{"line":107,"column":26},"end":{"line":109,"column":7}},"line":107},"6":{"name":"(anonymous_6)","decl":{"start":{"line":107,"column":54},"end":{"line":107,"column":55}},"loc":{"start":{"line":107,"column":59},"end":{"line":109,"column":5}},"line":107}},"branchMap":{"0":{"loc":{"start":{"line":19,"column":55},"end":{"line":19,"column":72}},"type":"default-arg","locations":[{"start":{"line":19,"column":68},"end":{"line":19,"column":72}}],"line":19},"1":{"loc":{"start":{"line":19,"column":74},"end":{"line":19,"column":91}},"type":"default-arg","locations":[{"start":{"line":19,"column":87},"end":{"line":19,"column":91}}],"line":19},"2":{"loc":{"start":{"line":19,"column":93},"end":{"line":19,"column":120}},"type":"default-arg","locations":[{"start":{"line":19,"column":102},"end":{"line":19,"column":120}}],"line":19},"3":{"loc":{"start":{"line":24,"column":8},"end":{"line":24,"column":44}},"type":"if","locations":[{"start":{"line":24,"column":8},"end":{"line":24,"column":44}},{"start":{},"end":{}}],"line":24},"4":{"loc":{"start":{"line":48,"column":4},"end":{"line":48,"column":81}},"type":"if","locations":[{"start":{"line":48,"column":4},"end":{"line":48,"column":81}},{"start":{},"end":{}}],"line":48},"5":{"loc":{"start":{"line":49,"column":4},"end":{"line":49,"column":91}},"type":"if","locations":[{"start":{"line":49,"column":4},"end":{"line":49,"column":91}},{"start":{},"end":{}}],"line":49},"6":{"loc":{"start":{"line":50,"column":4},"end":{"line":50,"column":97}},"type":"if","locations":[{"start":{"line":50,"column":4},"end":{"line":50,"column":97}},{"start":{},"end":{}}],"line":50},"7":{"loc":{"start":{"line":52,"column":29},"end":{"line":52,"column":58}},"type":"binary-expr","locations":[{"start":{"line":52,"column":29},"end":{"line":52,"column":53}},{"start":{"line":52,"column":57},"end":{"line":52,"column":58}}],"line":52},"8":{"loc":{"start":{"line":53,"column":44},"end":{"line":53,"column":75}},"type":"binary-expr","locations":[{"start":{"line":53,"column":44},"end":{"line":53,"column":69}},{"start":{"line":53,"column":73},"end":{"line":53,"column":75}}],"line":53},"9":{"loc":{"start":{"line":69,"column":8},"end":{"line":75,"column":9}},"type":"if","locations":[{"start":{"line":69,"column":8},"end":{"line":75,"column":9}},{"start":{},"end":{}}],"line":69},"10":{"loc":{"start":{"line":78,"column":8},"end":{"line":81,"column":9}},"type":"if","locations":[{"start":{"line":78,"column":8},"end":{"line":81,"column":9}},{"start":{},"end":{}}],"line":78},"11":{"loc":{"start":{"line":97,"column":25},"end":{"line":97,"column":33}},"type":"default-arg","locations":[{"start":{"line":97,"column":32},"end":{"line":97,"column":33}}],"line":97},"12":{"loc":{"start":{"line":108,"column":8},"end":{"line":108,"column":87}},"type":"cond-expr","locations":[{"start":{"line":108,"column":30},"end":{"line":108,"column":60}},{"start":{"line":108,"column":63},"end":{"line":108,"column":87}}],"line":108},"13":{"loc":{"start":{"line":120,"column":40},"end":{"line":120,"column":51}},"type":"binary-expr","locations":[{"start":{"line":120,"column":40},"end":{"line":120,"column":46}},{"start":{"line":120,"column":50},"end":{"line":120,"column":51}}],"line":120},"14":{"loc":{"start":{"line":120,"column":59},"end":{"line":120,"column":70}},"type":"binary-expr","locations":[{"start":{"line":120,"column":59},"end":{"line":120,"column":65}},{"start":{"line":120,"column":69},"end":{"line":120,"column":70}}],"line":120},"15":{"loc":{"start":{"line":120,"column":80},"end":{"line":120,"column":91}},"type":"binary-expr","locations":[{"start":{"line":120,"column":80},"end":{"line":120,"column":86}},{"start":{"line":120,"column":90},"end":{"line":120,"column":91}}],"line":120},"16":{"loc":{"start":{"line":123,"column":22},"end":{"line":123,"column":48}},"type":"binary-expr","locations":[{"start":{"line":123,"column":22},"end":{"line":123,"column":43}},{"start":{"line":123,"column":47},"end":{"line":123,"column":48}}],"line":123},"17":{"loc":{"start":{"line":124,"column":19},"end":{"line":124,"column":42}},"type":"binary-expr","locations":[{"start":{"line":124,"column":19},"end":{"line":124,"column":37}},{"start":{"line":124,"column":41},"end":{"line":124,"column":42}}],"line":124},"18":{"loc":{"start":{"line":125,"column":20},"end":{"line":125,"column":41}},"type":"binary-expr","locations":[{"start":{"line":125,"column":20},"end":{"line":125,"column":36}},{"start":{"line":125,"column":40},"end":{"line":125,"column":41}}],"line":125},"19":{"loc":{"start":{"line":128,"column":15},"end":{"line":128,"column":37}},"type":"binary-expr","locations":[{"start":{"line":128,"column":15},"end":{"line":128,"column":32}},{"start":{"line":128,"column":36},"end":{"line":128,"column":37}}],"line":128},"20":{"loc":{"start":{"line":132,"column":18},"end":{"line":132,"column":72}},"type":"cond-expr","locations":[{"start":{"line":132,"column":30},"end":{"line":132,"column":68}},{"start":{"line":132,"column":71},"end":{"line":132,"column":72}}],"line":132},"21":{"loc":{"start":{"line":133,"column":20},"end":{"line":133,"column":99}},"type":"cond-expr","locations":[{"start":{"line":133,"column":44},"end":{"line":133,"column":95}},{"start":{"line":133,"column":98},"end":{"line":133,"column":99}}],"line":133},"22":{"loc":{"start":{"line":134,"column":19},"end":{"line":134,"column":45}},"type":"binary-expr","locations":[{"start":{"line":134,"column":19},"end":{"line":134,"column":40}},{"start":{"line":134,"column":44},"end":{"line":134,"column":45}}],"line":134},"23":{"loc":{"start":{"line":135,"column":19},"end":{"line":135,"column":45}},"type":"binary-expr","locations":[{"start":{"line":135,"column":19},"end":{"line":135,"column":40}},{"start":{"line":135,"column":44},"end":{"line":135,"column":45}}],"line":135},"24":{"loc":{"start":{"line":136,"column":21},"end":{"line":136,"column":49}},"type":"binary-expr","locations":[{"start":{"line":136,"column":21},"end":{"line":136,"column":44}},{"start":{"line":136,"column":48},"end":{"line":136,"column":49}}],"line":136},"25":{"loc":{"start":{"line":137,"column":21},"end":{"line":137,"column":49}},"type":"binary-expr","locations":[{"start":{"line":137,"column":21},"end":{"line":137,"column":44}},{"start":{"line":137,"column":48},"end":{"line":137,"column":49}}],"line":137}},"s":{"0":1,"1":1,"2":0,"3":0,"4":0,"5":0,"6":0,"7":0,"8":0,"9":0,"10":0,"11":0,"12":0,"13":0,"14":0,"15":0,"16":0,"17":0,"18":0,"19":0,"20":0,"21":0,"22":0,"23":0,"24":0,"25":0,"26":0,"27":0,"28":0,"29":0,"30":0,"31":0,"32":0,"33":0,"34":0,"35":0,"36":0,"37":0,"38":0,"39":0,"40":0,"41":0,"42":0,"43":0,"44":0,"45":0,"46":0,"47":0,"48":0,"49":0,"50":0,"51":0,"52":0,"53":0,"54":0,"55":0,"56":0,"57":0,"58":0,"59":0,"60":0,"61":0,"62":0,"63":0,"64":0,"65":1},"f":{"0":0,"1":0,"2":0,"3":0,"4":0,"5":0,"6":0},"b":{"0":[0],"1":[0],"2":[0],"3":[0,0],"4":[0,0],"5":[0,0],"6":[0,0],"7":[0,0],"8":[0,0],"9":[0,0],"10":[0,0],"11":[0],"12":[0,0],"13":[0,0],"14":[0,0],"15":[0,0],"16":[0,0],"17":[0,0],"18":[0,0],"19":[0,0],"20":[0,0],"21":[0,0],"22":[0,0],"23":[0,0],"24":[0,0],"25":[0,0]},"_coverageSchema":"1a1c01bbd47fc00a2c39e90264f33305004495a9","hash":"cf69a1a83c2704e4c5fe450fede79d7124ead0dc"}
,"/Users/jay-agrawal/IdeaProjects/job-seeker/backend/src/services/recruiter.service.js": {"path":"/Users/jay-agrawal/IdeaProjects/job-seeker/backend/src/services/recruiter.service.js","statementMap":{"0":{"start":{"line":7,"column":22},"end":{"line":7,"column":69}},"1":{"start":{"line":10,"column":4},"end":{"line":10,"column":61}},"2":{"start":{"line":14,"column":4},"end":{"line":14,"column":64}},"3":{"start":{"line":18,"column":4},"end":{"line":18,"column":58}},"4":{"start":{"line":22,"column":4},"end":{"line":22,"column":40}},"5":{"start":{"line":26,"column":4},"end":{"line":26,"column":38}},"6":{"start":{"line":29,"column":0},"end":{"line":35,"column":2}}},"fnMap":{"0":{"name":"getRecruitersByCompanyId","decl":{"start":{"line":9,"column":15},"end":{"line":9,"column":39}},"loc":{"start":{"line":9,"column":60},"end":{"line":11,"column":1}},"line":9},"1":{"name":"getTopActiveRecruitersByCompanyId","decl":{"start":{"line":13,"column":15},"end":{"line":13,"column":48}},"loc":{"start":{"line":13,"column":63},"end":{"line":15,"column":1}},"line":13},"2":{"name":"getActiveRecruitersByCompanyId","decl":{"start":{"line":17,"column":15},"end":{"line":17,"column":45}},"loc":{"start":{"line":17,"column":57},"end":{"line":19,"column":1}},"line":17},"3":{"name":"getRecruitersByIds","decl":{"start":{"line":21,"column":15},"end":{"line":21,"column":33}},"loc":{"start":{"line":21,"column":39},"end":{"line":23,"column":1}},"line":21},"4":{"name":"getRecruiter","decl":{"start":{"line":25,"column":15},"end":{"line":25,"column":27}},"loc":{"start":{"line":25,"column":32},"end":{"line":27,"column":1}},"line":25}},"branchMap":{},"s":{"0":1,"1":0,"2":0,"3":0,"4":0,"5":0,"6":1},"f":{"0":0,"1":0,"2":0,"3":0,"4":0},"b":{},"_coverageSchema":"1a1c01bbd47fc00a2c39e90264f33305004495a9","hash":"67c4812449ea04144192329ce720a2760f4cc13f"}
,"/Users/jay-agrawal/IdeaProjects/job-seeker/backend/src/services/template.service.js": {"path":"/Users/jay-agrawal/IdeaProjects/job-seeker/backend/src/services/template.service.js","statementMap":{"0":{"start":{"line":7,"column":13},"end":{"line":7,"column":28}},"1":{"start":{"line":9,"column":23},"end":{"line":9,"column":80}},"2":{"start":{"line":12,"column":4},"end":{"line":12,"column":58}},"3":{"start":{"line":13,"column":4},"end":{"line":13,"column":35}},"4":{"start":{"line":16,"column":0},"end":{"line":16,"column":34}}},"fnMap":{"0":{"name":"getTemplates","decl":{"start":{"line":11,"column":9},"end":{"line":11,"column":21}},"loc":{"start":{"line":11,"column":24},"end":{"line":14,"column":1}},"line":11}},"branchMap":{},"s":{"0":1,"1":1,"2":0,"3":0,"4":1},"f":{"0":0},"b":{},"_coverageSchema":"1a1c01bbd47fc00a2c39e90264f33305004495a9","hash":"798ba22a3866316760848fabdb21182046cecb2e"}
,"/Users/jay-agrawal/IdeaProjects/job-seeker/backend/src/utils/errors.js": {"path":"/Users/jay-agrawal/IdeaProjects/job-seeker/backend/src/utils/errors.js","statementMap":{"0":{"start":{"line":11,"column":8},"end":{"line":11,"column":23}},"1":{"start":{"line":12,"column":8},"end":{"line":12,"column":42}},"2":{"start":{"line":13,"column":8},"end":{"line":13,"column":37}},"3":{"start":{"line":14,"column":8},"end":{"line":14,"column":31}},"4":{"start":{"line":15,"column":8},"end":{"line":15,"column":56}},"5":{"start":{"line":21,"column":8},"end":{"line":21,"column":67}},"6":{"start":{"line":27,"column":8},"end":{"line":27,"column":37}},"7":{"start":{"line":33,"column":8},"end":{"line":33,"column":28}},"8":{"start":{"line":39,"column":8},"end":{"line":39,"column":28}},"9":{"start":{"line":43,"column":0},"end":{"line":43,"column":90}}},"fnMap":{"0":{"name":"(anonymous_0)","decl":{"start":{"line":10,"column":4},"end":{"line":10,"column":5}},"loc":{"start":{"line":10,"column":59},"end":{"line":16,"column":5}},"line":10},"1":{"name":"(anonymous_1)","decl":{"start":{"line":20,"column":4},"end":{"line":20,"column":5}},"loc":{"start":{"line":20,"column":48},"end":{"line":22,"column":5}},"line":20},"2":{"name":"(anonymous_2)","decl":{"start":{"line":26,"column":4},"end":{"line":26,"column":5}},"loc":{"start":{"line":26,"column":63},"end":{"line":28,"column":5}},"line":26},"3":{"name":"(anonymous_3)","decl":{"start":{"line":32,"column":4},"end":{"line":32,"column":5}},"loc":{"start":{"line":32,"column":38},"end":{"line":34,"column":5}},"line":32},"4":{"name":"(anonymous_4)","decl":{"start":{"line":38,"column":4},"end":{"line":38,"column":5}},"loc":{"start":{"line":38,"column":49},"end":{"line":40,"column":5}},"line":38}},"branchMap":{"0":{"loc":{"start":{"line":10,"column":25},"end":{"line":10,"column":41}},"type":"default-arg","locations":[{"start":{"line":10,"column":38},"end":{"line":10,"column":41}}],"line":10},"1":{"loc":{"start":{"line":10,"column":43},"end":{"line":10,"column":57}},"type":"default-arg","locations":[{"start":{"line":10,"column":53},"end":{"line":10,"column":57}}],"line":10},"2":{"loc":{"start":{"line":20,"column":16},"end":{"line":20,"column":37}},"type":"default-arg","locations":[{"start":{"line":20,"column":27},"end":{"line":20,"column":37}}],"line":20},"3":{"loc":{"start":{"line":20,"column":39},"end":{"line":20,"column":46}},"type":"default-arg","locations":[{"start":{"line":20,"column":44},"end":{"line":20,"column":46}}],"line":20},"4":{"loc":{"start":{"line":21,"column":28},"end":{"line":21,"column":48}},"type":"cond-expr","locations":[{"start":{"line":21,"column":33},"end":{"line":21,"column":43}},{"start":{"line":21,"column":46},"end":{"line":21,"column":48}}],"line":21},"5":{"loc":{"start":{"line":26,"column":16},"end":{"line":26,"column":45}},"type":"default-arg","locations":[{"start":{"line":26,"column":26},"end":{"line":26,"column":45}}],"line":26},"6":{"loc":{"start":{"line":26,"column":47},"end":{"line":26,"column":61}},"type":"default-arg","locations":[{"start":{"line":26,"column":57},"end":{"line":26,"column":61}}],"line":26},"7":{"loc":{"start":{"line":32,"column":16},"end":{"line":32,"column":36}},"type":"default-arg","locations":[{"start":{"line":32,"column":26},"end":{"line":32,"column":36}}],"line":32},"8":{"loc":{"start":{"line":38,"column":16},"end":{"line":38,"column":47}},"type":"default-arg","locations":[{"start":{"line":38,"column":26},"end":{"line":38,"column":47}}],"line":38}},"s":{"0":7,"1":7,"2":7,"3":7,"4":7,"5":3,"6":1,"7":1,"8":1,"9":2},"f":{"0":7,"1":3,"2":1,"3":1,"4":1},"b":{"0":[0],"1":[5],"2":[0],"3":[1],"4":[2,1],"5":[0],"6":[1],"7":[1],"8":[0]},"_coverageSchema":"1a1c01bbd47fc00a2c39e90264f33305004495a9","hash":"60250e91835b1509c2d9eb32629781a8daf389cb"}
,"/Users/jay-agrawal/IdeaProjects/job-seeker/backend/src/utils/logger.js": {"path":"/Users/jay-agrawal/IdeaProjects/job-seeker/backend/src/utils/logger.js","statementMap":{"0":{"start":{"line":10,"column":18},"end":{"line":10,"column":79}},"1":{"start":{"line":10,"column":24},"end":{"line":10,"column":79}},"2":{"start":{"line":12,"column":15},"end":{"line":21,"column":1}},"3":{"start":{"line":13,"column":23},"end":{"line":13,"column":70}},"4":{"start":{"line":14,"column":23},"end":{"line":14,"column":71}},"5":{"start":{"line":15,"column":24},"end":{"line":15,"column":74}},"6":{"start":{"line":17,"column":8},"end":{"line":19,"column":9}},"7":{"start":{"line":18,"column":12},"end":{"line":18,"column":63}},"8":{"start":{"line":23,"column":0},"end":{"line":23,"column":24}}},"fnMap":{"0":{"name":"(anonymous_0)","decl":{"start":{"line":10,"column":18},"end":{"line":10,"column":19}},"loc":{"start":{"line":10,"column":24},"end":{"line":10,"column":79}},"line":10},"1":{"name":"(anonymous_1)","decl":{"start":{"line":13,"column":10},"end":{"line":13,"column":11}},"loc":{"start":{"line":13,"column":23},"end":{"line":13,"column":70}},"line":13},"2":{"name":"(anonymous_2)","decl":{"start":{"line":14,"column":10},"end":{"line":14,"column":11}},"loc":{"start":{"line":14,"column":23},"end":{"line":14,"column":71}},"line":14},"3":{"name":"(anonymous_3)","decl":{"start":{"line":15,"column":11},"end":{"line":15,"column":12}},"loc":{"start":{"line":15,"column":24},"end":{"line":15,"column":74}},"line":15},"4":{"name":"(anonymous_4)","decl":{"start":{"line":16,"column":11},"end":{"line":16,"column":12}},"loc":{"start":{"line":16,"column":24},"end":{"line":20,"column":5}},"line":16}},"branchMap":{"0":{"loc":{"start":{"line":17,"column":8},"end":{"line":19,"column":9}},"type":"if","locations":[{"start":{"line":17,"column":8},"end":{"line":19,"column":9}},{"start":{},"end":{}}],"line":17}},"s":{"0":1,"1":0,"2":1,"3":0,"4":0,"5":0,"6":0,"7":0,"8":1},"f":{"0":0,"1":0,"2":0,"3":0,"4":0},"b":{"0":[0,0]},"_coverageSchema":"1a1c01bbd47fc00a2c39e90264f33305004495a9","hash":"bd17cad3069fe727cd9470c078c2690c1c3f2b31"}
,"/Users/jay-agrawal/IdeaProjects/job-seeker/backend/src/utils/parseFrom.js": {"path":"/Users/jay-agrawal/IdeaProjects/job-seeker/backend/src/utils/parseFrom.js","statementMap":{"0":{"start":{"line":6,"column":14},"end":{"line":6,"column":55}},"1":{"start":{"line":7,"column":4},"end":{"line":7,"column":103}},"2":{"start":{"line":10,"column":0},"end":{"line":10,"column":27}}},"fnMap":{"0":{"name":"parseFrom","decl":{"start":{"line":5,"column":9},"end":{"line":5,"column":18}},"loc":{"start":{"line":5,"column":25},"end":{"line":8,"column":1}},"line":5}},"branchMap":{"0":{"loc":{"start":{"line":7,"column":11},"end":{"line":7,"column":102}},"type":"cond-expr","locations":[{"start":{"line":7,"column":15},"end":{"line":7,"column":69}},{"start":{"line":7,"column":72},"end":{"line":7,"column":102}}],"line":7},"1":{"loc":{"start":{"line":7,"column":23},"end":{"line":7,"column":47}},"type":"binary-expr","locations":[{"start":{"line":7,"column":23},"end":{"line":7,"column":34}},{"start":{"line":7,"column":38},"end":{"line":7,"column":47}}],"line":7}},"s":{"0":5,"1":5,"2":2},"f":{"0":5},"b":{"0":[2,3],"1":[2,1]},"_coverageSchema":"1a1c01bbd47fc00a2c39e90264f33305004495a9","hash":"da8e8f555114f07c91e102ca6e40f2cda8ecc8eb"}
,"/Users/jay-agrawal/IdeaProjects/job-seeker/backend/src/utils/personalise.js": {"path":"/Users/jay-agrawal/IdeaProjects/job-seeker/backend/src/utils/personalise.js","statementMap":{"0":{"start":{"line":7,"column":4},"end":{"line":9,"column":106}},"1":{"start":{"line":12,"column":0},"end":{"line":12,"column":29}}},"fnMap":{"0":{"name":"personalise","decl":{"start":{"line":6,"column":9},"end":{"line":6,"column":20}},"loc":{"start":{"line":6,"column":38},"end":{"line":10,"column":1}},"line":6}},"branchMap":{"0":{"loc":{"start":{"line":8,"column":44},"end":{"line":8,"column":87}},"type":"binary-expr","locations":[{"start":{"line":8,"column":45},"end":{"line":8,"column":54}},{"start":{"line":8,"column":58},"end":{"line":8,"column":75}},{"start":{"line":8,"column":80},"end":{"line":8,"column":87}}],"line":8},"1":{"loc":{"start":{"line":9,"column":49},"end":{"line":9,"column":104}},"type":"binary-expr","locations":[{"start":{"line":9,"column":50},"end":{"line":9,"column":59}},{"start":{"line":9,"column":63},"end":{"line":9,"column":85}},{"start":{"line":9,"column":90},"end":{"line":9,"column":104}}],"line":9}},"s":{"0":6,"1":1},"f":{"0":6},"b":{"0":[6,4,3],"1":[6,4,4]},"_coverageSchema":"1a1c01bbd47fc00a2c39e90264f33305004495a9","hash":"aa312c158987d0ed879c7431a488dd52871a8e49"}
}
