TN:
SF:src/app.js
FNF:0
FNH:0
DA:7,1
DA:8,1
DA:9,1
DA:10,1
DA:11,1
DA:13,1
DA:16,1
DA:17,1
DA:18,1
DA:21,1
DA:24,1
DA:26,1
LF:12
LH:12
BRF:0
BRH:0
end_of_record
TN:
SF:src/config/index.js
FNF:0
FNH:0
DA:1,2
DA:2,2
DA:4,2
DA:44,2
LF:4
LH:4
BRDA:5,0,0,2
BRDA:5,0,1,0
BRDA:7,1,0,2
BRDA:7,1,1,0
BRDA:8,2,0,2
BRDA:8,2,1,0
BRDA:9,3,0,2
BRDA:9,3,1,0
BRDA:10,4,0,2
BRDA:10,4,1,0
BRDA:11,5,0,2
BRDA:11,5,1,0
BRDA:17,6,0,2
BRDA:17,6,1,0
BRDA:18,7,0,2
BRDA:18,7,1,0
BRDA:20,8,0,2
BRDA:20,8,1,0
BRDA:21,9,0,2
BRDA:21,9,1,0
BRDA:22,10,0,2
BRDA:22,10,1,0
BRDA:26,11,0,2
BRDA:26,11,1,2
BRDA:28,12,0,2
BRDA:28,12,1,0
BRDA:30,13,0,2
BRDA:30,13,1,2
BRDA:32,14,0,2
BRDA:32,14,1,2
BRDA:34,15,0,2
BRDA:34,15,1,0
BRDA:35,16,0,2
BRDA:35,16,1,0
BRDA:37,17,0,2
BRDA:37,17,1,0
BRDA:40,18,0,2
BRDA:40,18,1,0
BRF:38
BRH:22
end_of_record
TN:
SF:src/constants/locations.js
FN:4,(anonymous_0)
FNF:1
FNH:1
FNDA:128,(anonymous_0)
DA:2,1
DA:4,1
DA:5,128
DA:6,128
DA:9,1
LF:5
LH:5
BRF:0
BRH:0
end_of_record
TN:
SF:src/controllers/company.controller.js
FN:10,listCompanies
FN:14,searchCompanies
FN:18,getCompany
FNF:3
FNH:3
FNDA:1,listCompanies
FNDA:1,searchCompanies
FNDA:2,getCompany
DA:7,1
DA:8,1
DA:11,1
DA:15,1
DA:19,2
DA:20,2
DA:21,1
DA:24,1
LF:8
LH:8
BRDA:20,0,0,1
BRDA:20,0,1,1
BRF:2
BRH:2
end_of_record
TN:
SF:src/controllers/mail.controller.js
FN:17,getTemplates
FN:24,mailCompanyActive
FN:35,(anonymous_2)
FN:44,mailCompaniesTopActive
FN:73,mailRecruiters
FN:89,sendTestMail
FN:100,getMailLogs
FN:107,getMailLogsGrouped
FN:114,getMailStats
FNF:9
FNH:0
FNDA:0,getTemplates
FNDA:0,mailCompanyActive
FNDA:0,(anonymous_2)
FNDA:0,mailCompaniesTopActive
FNDA:0,mailRecruiters
FNDA:0,sendTestMail
FNDA:0,getMailLogs
FNDA:0,getMailLogsGrouped
FNDA:0,getMailStats
DA:7,1
DA:8,1
DA:9,1
DA:10,1
DA:11,1
DA:12,1
DA:18,0
DA:25,0
DA:26,0
DA:28,0
DA:29,0
DA:31,0
DA:32,0
DA:34,0
DA:35,0
DA:38,0
DA:45,0
DA:46,0
DA:47,0
DA:48,0
DA:51,0
DA:52,0
DA:54,0
DA:55,0
DA:56,0
DA:57,0
DA:58,0
DA:60,0
DA:61,0
DA:64,0
DA:74,0
DA:75,0
DA:76,0
DA:77,0
DA:80,0
DA:81,0
DA:83,0
DA:90,0
DA:91,0
DA:93,0
DA:94,0
DA:101,0
DA:108,0
DA:115,0
DA:118,1
LF:45
LH:7
BRDA:25,0,0,0
BRDA:25,0,1,0
BRDA:26,1,0,0
BRDA:26,1,1,0
BRDA:26,2,0,0
BRDA:26,2,1,0
BRDA:29,3,0,0
BRDA:29,3,1,0
BRDA:32,4,0,0
BRDA:32,4,1,0
BRDA:36,5,0,0
BRDA:36,5,1,0
BRDA:45,6,0,0
BRDA:45,7,0,0
BRDA:45,7,1,0
BRDA:46,8,0,0
BRDA:46,8,1,0
BRDA:46,9,0,0
BRDA:46,9,1,0
BRDA:47,10,0,0
BRDA:47,10,1,0
BRDA:47,11,0,0
BRDA:47,11,1,0
BRDA:51,12,0,0
BRDA:51,12,1,0
BRDA:56,13,0,0
BRDA:56,13,1,0
BRDA:59,14,0,0
BRDA:59,14,1,0
BRDA:74,15,0,0
BRDA:74,15,1,0
BRDA:75,16,0,0
BRDA:75,16,1,0
BRDA:75,17,0,0
BRDA:75,17,1,0
BRDA:76,18,0,0
BRDA:76,18,1,0
BRDA:76,19,0,0
BRDA:76,19,1,0
BRDA:81,20,0,0
BRDA:81,20,1,0
BRDA:83,21,0,0
BRDA:83,21,1,0
BRDA:90,22,0,0
BRDA:90,22,1,0
BRDA:91,23,0,0
BRDA:91,23,1,0
BRDA:91,24,0,0
BRDA:91,24,1,0
BRDA:91,24,2,0
BRDA:93,25,0,0
BRDA:93,25,1,0
BRDA:115,26,0,0
BRDA:115,26,1,0
BRF:54
BRH:0
end_of_record
TN:
SF:src/controllers/recruiter.controller.js
FN:7,getRecruitersByCompanyId
FN:11,getRecruiter
FNF:2
FNH:0
FNDA:0,getRecruitersByCompanyId
FNDA:0,getRecruiter
DA:4,1
DA:5,1
DA:8,0
DA:12,0
DA:13,0
DA:14,0
DA:17,1
LF:7
LH:3
BRDA:13,0,0,0
BRDA:13,0,1,0
BRF:2
BRH:0
end_of_record
TN:
SF:src/controllers/resume.controller.js
FN:7,listResumes
FN:11,uploadResume
FNF:2
FNH:0
FNDA:0,listResumes
FNDA:0,uploadResume
DA:4,1
DA:5,1
DA:8,0
DA:12,0
DA:13,0
DA:16,1
LF:6
LH:3
BRDA:12,0,0,0
BRDA:12,0,1,0
BRF:2
BRH:0
end_of_record
TN:
SF:src/controllers/tracking.controller.js
FN:10,trackOpen
FN:13,(anonymous_1)
FNF:2
FNH:0
FNDA:0,trackOpen
FNDA:0,(anonymous_1)
DA:4,1
DA:5,1
DA:8,1
DA:11,0
DA:12,0
DA:13,0
DA:15,0
DA:16,0
DA:19,1
LF:9
LH:4
BRDA:12,0,0,0
BRDA:12,0,1,0
BRF:2
BRH:0
end_of_record
TN:
SF:src/db/connection.js
FNF:0
FNH:0
DA:1,2
DA:2,2
DA:4,2
DA:13,2
LF:4
LH:4
BRF:0
BRH:0
end_of_record
TN:
SF:src/middleware/asyncHandler.js
FN:8,asyncHandler
FN:9,(anonymous_1)
FNF:2
FNH:2
FNDA:12,asyncHandler
FNDA:4,(anonymous_1)
DA:9,12
DA:10,4
DA:14,1
LF:3
LH:3
BRF:0
BRH:0
end_of_record
TN:
SF:src/middleware/errorHandler.js
FN:12,errorHandler
FNF:1
FNH:1
FNDA:1,errorHandler
DA:8,1
DA:9,1
DA:14,1
DA:15,1
DA:17,0
DA:20,1
DA:21,1
DA:27,1
DA:28,0
DA:31,1
DA:34,1
LF:11
LH:9
BRDA:14,0,0,1
BRDA:14,0,1,0
BRDA:15,1,0,1
BRDA:15,1,1,1
BRDA:20,2,0,1
BRDA:20,2,1,0
BRDA:22,3,0,1
BRDA:22,3,1,0
BRDA:23,4,0,0
BRDA:23,4,1,1
BRDA:27,5,0,0
BRDA:27,5,1,1
BRDA:27,6,0,1
BRDA:27,6,1,0
BRF:14
BRH:8
end_of_record
TN:
SF:src/middleware/requestLogger.js
FN:8,requestLogger
FN:12,(anonymous_1)
FNF:2
FNH:2
FNDA:4,requestLogger
FNDA:4,(anonymous_1)
DA:6,1
DA:9,4
DA:10,4
DA:12,4
DA:13,4
DA:14,4
DA:15,4
DA:16,4
DA:19,4
DA:22,1
LF:10
LH:10
BRDA:15,0,0,1
BRDA:15,0,1,3
BRF:2
BRH:2
end_of_record
TN:
SF:src/repositories/company.repository.js
FN:36,countCompanies
FN:50,findCompanies
FN:65,searchByTerm
FN:80,findById
FNF:4
FNH:0
FNDA:0,countCompanies
FNDA:0,findCompanies
FNDA:0,searchByTerm
FNDA:0,findById
DA:7,1
DA:11,1
DA:13,1
DA:15,1
DA:18,1
DA:37,0
DA:39,0
DA:51,0
DA:59,0
DA:66,0
DA:67,0
DA:74,0
DA:81,0
DA:85,0
DA:88,1
LF:15
LH:6
BRDA:65,0,0,0
BRDA:85,1,0,0
BRDA:85,1,1,0
BRF:3
BRH:0
end_of_record
TN:
SF:src/repositories/mail.repository.js
FN:12,findPendingDuplicate
FN:22,insertPending
FN:32,findPending
FN:38,markSent
FN:44,markFailed
FN:49,markBounced
FN:57,markOpened
FN:63,markOpenedByMessageId
FN:70,markBouncedByMessageId
FN:80,findLogs
FN:105,findAllForGrouping
FN:120,getStatusCounts
FN:122,(anonymous_12)
FN:128,getKpiAggregates
FN:145,getDailyCounts
FN:155,getServerDate
FNF:16
FNH:0
FNDA:0,findPendingDuplicate
FNDA:0,insertPending
FNDA:0,findPending
FNDA:0,markSent
FNDA:0,markFailed
FNDA:0,markBounced
FNDA:0,markOpened
FNDA:0,markOpenedByMessageId
FNDA:0,markBouncedByMessageId
FNDA:0,findLogs
FNDA:0,findAllForGrouping
FNDA:0,getStatusCounts
FNDA:0,(anonymous_12)
FNDA:0,getKpiAggregates
FNDA:0,getDailyCounts
FNDA:0,getServerDate
DA:7,1
DA:13,0
DA:16,0
DA:23,0
DA:33,0
DA:35,0
DA:39,0
DA:45,0
DA:50,0
DA:58,0
DA:64,0
DA:67,0
DA:71,0
DA:74,0
DA:81,0
DA:83,0
DA:84,0
DA:96,0
DA:99,0
DA:106,0
DA:114,0
DA:121,0
DA:122,0
DA:129,0
DA:139,0
DA:146,0
DA:149,0
DA:156,0
DA:157,0
DA:160,1
LF:30
LH:2
BRDA:38,0,0,0
BRDA:81,1,0,0
BRDA:81,1,1,0
BRDA:157,2,0,0
BRDA:157,2,1,0
BRF:5
BRH:0
end_of_record
TN:
SF:src/repositories/recruiter.repository.js
FN:11,findByCompanyId
FN:45,findTopActiveByCompanyId
FN:57,findActiveByCompanyId
FN:68,findByIds
FN:79,findById
FN:87,findPersonalisationData
FNF:6
FNH:0
FNDA:0,findByCompanyId
FNDA:0,findTopActiveByCompanyId
FNDA:0,findActiveByCompanyId
FNDA:0,findByIds
FNDA:0,findById
FNDA:0,findPersonalisationData
DA:4,1
DA:12,0
DA:13,0
DA:15,0
DA:16,0
DA:17,0
DA:19,0
DA:20,0
DA:21,0
DA:22,0
DA:24,0
DA:25,0
DA:26,0
DA:28,0
DA:29,0
DA:30,0
DA:33,0
DA:39,0
DA:46,0
DA:51,0
DA:58,0
DA:62,0
DA:69,0
DA:70,0
DA:73,0
DA:80,0
DA:81,0
DA:88,0
DA:90,0
DA:93,1
LF:30
LH:2
BRDA:11,0,0,0
BRDA:15,1,0,0
BRDA:15,1,1,0
BRDA:19,2,0,0
BRDA:19,2,1,0
BRDA:19,3,0,0
BRDA:19,3,1,0
BRDA:20,4,0,0
BRDA:20,4,1,0
BRDA:20,5,0,0
BRDA:20,5,1,0
BRDA:24,6,0,0
BRDA:24,6,1,0
BRDA:28,7,0,0
BRDA:28,7,1,0
BRDA:45,8,0,0
BRDA:69,9,0,0
BRDA:69,9,1,0
BRDA:81,10,0,0
BRDA:81,10,1,0
BRDA:90,11,0,0
BRDA:90,11,1,0
BRF:22
BRH:0
end_of_record
TN:
SF:src/repositories/resume.repository.js
FN:10,ensureDir
FN:17,listResumes
FN:20,(anonymous_2)
FN:21,(anonymous_3)
FN:25,(anonymous_4)
FN:32,resolveResume
FNF:6
FNH:1
FNDA:1,ensureDir
FNDA:0,listResumes
FNDA:0,(anonymous_2)
FNDA:0,(anonymous_3)
FNDA:0,(anonymous_4)
FNDA:0,resolveResume
DA:4,1
DA:5,1
DA:6,1
DA:8,1
DA:11,1
DA:18,0
DA:19,0
DA:20,0
DA:22,0
DA:23,0
DA:25,0
DA:33,0
DA:34,0
DA:35,0
DA:36,0
DA:37,0
DA:40,1
LF:17
LH:6
BRDA:11,0,0,0
BRDA:11,0,1,1
BRDA:33,1,0,0
BRDA:33,1,1,0
BRDA:35,2,0,0
BRDA:35,2,1,0
BRDA:37,3,0,0
BRDA:37,3,1,0
BRF:8
BRH:1
end_of_record
TN:
SF:src/routes/company.routes.js
FNF:0
FNH:0
DA:4,1
DA:5,1
DA:6,1
DA:7,1
DA:12,1
DA:15,1
DA:18,1
DA:20,1
LF:8
LH:8
BRF:0
BRH:0
end_of_record
TN:
SF:src/routes/index.js
FN:18,(anonymous_0)
FN:21,(anonymous_1)
FNF:2
FNH:0
FNDA:0,(anonymous_0)
FNDA:0,(anonymous_1)
DA:7,1
DA:8,1
DA:9,1
DA:11,1
DA:12,1
DA:13,1
DA:14,1
DA:15,1
DA:18,1
DA:21,1
DA:24,1
DA:25,1
DA:26,1
DA:27,1
DA:28,1
DA:30,1
LF:16
LH:16
BRF:0
BRH:0
end_of_record
TN:
SF:src/routes/mail.routes.js
FNF:0
FNH:0
DA:4,1
DA:5,1
DA:6,1
DA:7,1
DA:10,1
DA:13,1
DA:16,1
DA:19,1
DA:22,1
DA:25,1
DA:28,1
DA:31,1
DA:33,1
LF:13
LH:13
BRF:0
BRH:0
end_of_record
TN:
SF:src/routes/recruiter.routes.js
FNF:0
FNH:0
DA:4,1
DA:5,1
DA:6,1
DA:7,1
DA:10,1
DA:13,1
DA:15,1
LF:7
LH:7
BRF:0
BRH:0
end_of_record
TN:
SF:src/routes/resume.routes.js
FN:15,(anonymous_0)
FN:16,(anonymous_1)
FN:19,(anonymous_2)
FNF:3
FNH:0
FNDA:0,(anonymous_0)
FNDA:0,(anonymous_1)
FNDA:0,(anonymous_2)
DA:4,1
DA:5,1
DA:6,1
DA:7,1
DA:8,1
DA:9,1
DA:12,1
DA:13,1
DA:15,0
DA:16,0
DA:19,0
DA:22,1
DA:23,1
DA:25,1
LF:14
LH:11
BRF:0
BRH:0
end_of_record
TN:
SF:src/routes/tracking.routes.js
FNF:0
FNH:0
DA:4,1
DA:5,1
DA:6,1
DA:9,1
DA:11,1
LF:5
LH:5
BRF:0
BRH:0
end_of_record
TN:
SF:src/services/company.service.js
FN:13,buildFilters
FN:37,(anonymous_1)
FN:37,(anonymous_2)
FN:39,(anonymous_3)
FN:66,listCompanies
FN:87,searchCompanies
FN:94,getCompany
FNF:7
FNH:4
FNDA:1,buildFilters
FNDA:0,(anonymous_1)
FNDA:0,(anonymous_2)
FNDA:0,(anonymous_3)
FNDA:1,listCompanies
FNDA:1,searchCompanies
FNDA:2,getCompany
DA:7,1
DA:14,1
DA:15,1
DA:17,1
DA:18,0
DA:19,0
DA:20,0
DA:23,1
DA:24,1
DA:25,1
DA:26,1
DA:28,1
DA:29,0
DA:30,0
DA:32,1
DA:33,0
DA:34,0
DA:36,1
DA:37,0
DA:38,0
DA:39,0
DA:40,0
DA:43,1
DA:44,0
DA:45,0
DA:47,1
DA:48,0
DA:49,0
DA:51,1
DA:52,0
DA:53,0
DA:55,1
DA:56,0
DA:57,0
DA:60,1
DA:67,1
DA:68,1
DA:69,1
DA:70,1
DA:72,1
DA:73,1
DA:74,1
DA:78,1
DA:79,1
DA:81,1
DA:88,1
DA:95,2
DA:98,1
LF:48
LH:29
BRDA:17,0,0,0
BRDA:17,0,1,1
BRDA:23,1,0,1
BRDA:23,1,1,0
BRDA:23,2,0,1
BRDA:23,2,1,0
BRDA:24,3,0,1
BRDA:24,3,1,0
BRDA:24,4,0,1
BRDA:24,4,1,1
BRDA:28,5,0,0
BRDA:28,5,1,1
BRDA:32,6,0,0
BRDA:32,6,1,1
BRDA:36,7,0,0
BRDA:36,7,1,1
BRDA:38,8,0,0
BRDA:38,8,1,0
BRDA:43,9,0,0
BRDA:43,9,1,1
BRDA:43,10,0,1
BRDA:43,10,1,0
BRDA:47,11,0,0
BRDA:47,11,1,1
BRDA:47,12,0,1
BRDA:47,12,1,0
BRDA:51,13,0,0
BRDA:51,13,1,1
BRDA:51,14,0,1
BRDA:51,14,1,0
BRDA:55,15,0,0
BRDA:55,15,1,1
BRDA:55,16,0,1
BRDA:55,16,1,0
BRDA:60,17,0,1
BRDA:60,17,1,0
BRDA:68,18,0,1
BRDA:68,18,1,0
BRDA:69,19,0,1
BRDA:69,19,1,0
BRDA:73,20,0,0
BRDA:73,20,1,1
BRDA:74,21,0,0
BRDA:74,21,1,1
BRDA:87,22,0,1
BRF:45
BRH:23
end_of_record
TN:
SF:src/services/mail.service.js
FN:16,createTransporter
FN:26,loadResume
FN:36,sendMailNow
FNF:3
FNH:0
FNDA:0,createTransporter
FNDA:0,loadResume
FNDA:0,sendMailNow
DA:7,1
DA:8,1
DA:9,1
DA:10,1
DA:11,1
DA:12,1
DA:14,1
DA:17,0
DA:18,0
DA:27,0
DA:28,0
DA:29,0
DA:37,0
DA:38,0
DA:39,0
DA:40,0
DA:42,0
DA:43,0
DA:44,0
DA:46,0
DA:47,0
DA:48,0
DA:49,0
DA:51,0
DA:53,0
DA:54,0
DA:62,0
DA:63,0
DA:66,0
DA:70,0
DA:73,1
LF:31
LH:8
BRDA:14,0,0,1
BRDA:14,0,1,0
BRDA:17,1,0,0
BRDA:17,1,1,0
BRDA:22,2,0,0
BRDA:22,2,1,0
BRDA:28,3,0,0
BRDA:28,3,1,0
BRDA:36,4,0,0
BRDA:37,5,0,0
BRDA:37,5,1,0
BRDA:37,6,0,0
BRDA:37,6,1,0
BRDA:37,6,2,0
BRDA:42,7,0,0
BRDA:42,7,1,0
BRDA:46,8,0,0
BRDA:46,8,1,0
BRDA:51,9,0,0
BRDA:51,9,1,0
BRDA:53,10,0,0
BRDA:53,10,1,0
BRDA:59,11,0,0
BRDA:59,11,1,0
BRDA:62,12,0,0
BRDA:62,12,1,0
BRDA:68,13,0,0
BRDA:68,13,1,0
BRF:28
BRH:1
end_of_record
TN:
SF:src/services/mailQueue.service.js
FN:19,queueMails
FN:45,listLogs
FN:63,listLogsGrouped
FN:88,(anonymous_3)
FN:97,mailStats
FN:107,(anonymous_5)
FN:107,(anonymous_6)
FNF:7
FNH:0
FNDA:0,queueMails
FNDA:0,listLogs
FNDA:0,listLogsGrouped
FNDA:0,(anonymous_3)
FNDA:0,mailStats
FNDA:0,(anonymous_5)
FNDA:0,(anonymous_6)
DA:8,1
DA:9,1
DA:20,0
DA:22,0
DA:23,0
DA:24,0
DA:26,0
DA:36,0
DA:39,0
DA:46,0
DA:47,0
DA:48,0
DA:49,0
DA:50,0
DA:52,0
DA:53,0
DA:54,0
DA:56,0
DA:57,0
DA:64,0
DA:66,0
DA:67,0
DA:68,0
DA:69,0
DA:70,0
DA:74,0
DA:76,0
DA:77,0
DA:78,0
DA:79,0
DA:80,0
DA:82,0
DA:88,0
DA:98,0
DA:99,0
DA:101,0
DA:107,0
DA:110,0
DA:113,0
DA:114,0
DA:115,0
DA:116,0
DA:117,0
DA:118,0
DA:119,0
DA:120,0
DA:123,0
DA:124,0
DA:125,0
DA:127,0
DA:142,1
LF:51
LH:3
BRDA:19,0,0,0
BRDA:19,1,0,0
BRDA:19,2,0,0
BRDA:24,3,0,0
BRDA:24,3,1,0
BRDA:48,4,0,0
BRDA:48,4,1,0
BRDA:49,5,0,0
BRDA:49,5,1,0
BRDA:50,6,0,0
BRDA:50,6,1,0
BRDA:52,7,0,0
BRDA:52,7,1,0
BRDA:53,8,0,0
BRDA:53,8,1,0
BRDA:69,9,0,0
BRDA:69,9,1,0
BRDA:78,10,0,0
BRDA:78,10,1,0
BRDA:97,11,0,0
BRDA:108,12,0,0
BRDA:108,12,1,0
BRDA:120,13,0,0
BRDA:120,13,1,0
BRDA:120,14,0,0
BRDA:120,14,1,0
BRDA:120,15,0,0
BRDA:120,15,1,0
BRDA:123,16,0,0
BRDA:123,16,1,0
BRDA:124,17,0,0
BRDA:124,17,1,0
BRDA:125,18,0,0
BRDA:125,18,1,0
BRDA:128,19,0,0
BRDA:128,19,1,0
BRDA:132,20,0,0
BRDA:132,20,1,0
BRDA:133,21,0,0
BRDA:133,21,1,0
BRDA:134,22,0,0
BRDA:134,22,1,0
BRDA:135,23,0,0
BRDA:135,23,1,0
BRDA:136,24,0,0
BRDA:136,24,1,0
BRDA:137,25,0,0
BRDA:137,25,1,0
BRF:48
BRH:0
end_of_record
TN:
SF:src/services/recruiter.service.js
FN:9,getRecruitersByCompanyId
FN:13,getTopActiveRecruitersByCompanyId
FN:17,getActiveRecruitersByCompanyId
FN:21,getRecruitersByIds
FN:25,getRecruiter
FNF:5
FNH:0
FNDA:0,getRecruitersByCompanyId
FNDA:0,getTopActiveRecruitersByCompanyId
FNDA:0,getActiveRecruitersByCompanyId
FNDA:0,getRecruitersByIds
FNDA:0,getRecruiter
DA:7,1
DA:10,0
DA:14,0
DA:18,0
DA:22,0
DA:26,0
DA:29,1
LF:7
LH:2
BRF:0
BRH:0
end_of_record
TN:
SF:src/services/template.service.js
FN:11,getTemplates
FNF:1
FNH:0
FNDA:0,getTemplates
DA:7,1
DA:9,1
DA:12,0
DA:13,0
DA:16,1
LF:5
LH:3
BRF:0
BRH:0
end_of_record
TN:
SF:src/utils/errors.js
FN:10,(anonymous_0)
FN:20,(anonymous_1)
FN:26,(anonymous_2)
FN:32,(anonymous_3)
FN:38,(anonymous_4)
FNF:5
FNH:5
FNDA:7,(anonymous_0)
FNDA:3,(anonymous_1)
FNDA:1,(anonymous_2)
FNDA:1,(anonymous_3)
FNDA:1,(anonymous_4)
DA:11,7
DA:12,7
DA:13,7
DA:14,7
DA:15,7
DA:21,3
DA:27,1
DA:33,1
DA:39,1
DA:43,2
LF:10
LH:10
BRDA:10,0,0,0
BRDA:10,1,0,5
BRDA:20,2,0,0
BRDA:20,3,0,1
BRDA:21,4,0,2
BRDA:21,4,1,1
BRDA:26,5,0,0
BRDA:26,6,0,1
BRDA:32,7,0,1
BRDA:38,8,0,0
BRF:10
BRH:6
end_of_record
TN:
SF:src/utils/logger.js
FN:10,(anonymous_0)
FN:13,(anonymous_1)
FN:14,(anonymous_2)
FN:15,(anonymous_3)
FN:16,(anonymous_4)
FNF:5
FNH:0
FNDA:0,(anonymous_0)
FNDA:0,(anonymous_1)
FNDA:0,(anonymous_2)
FNDA:0,(anonymous_3)
FNDA:0,(anonymous_4)
DA:10,1
DA:12,1
DA:13,0
DA:14,0
DA:15,0
DA:17,0
DA:18,0
DA:23,1
LF:8
LH:3
BRDA:17,0,0,0
BRDA:17,0,1,0
BRF:2
BRH:0
end_of_record
TN:
SF:src/utils/parseFrom.js
FN:5,parseFrom
FNF:1
FNH:1
FNDA:5,parseFrom
DA:6,5
DA:7,5
DA:10,2
LF:3
LH:3
BRDA:7,0,0,2
BRDA:7,0,1,3
BRDA:7,1,0,2
BRDA:7,1,1,1
BRF:4
BRH:4
end_of_record
TN:
SF:src/utils/personalise.js
FN:6,personalise
FNF:1
FNH:1
FNDA:6,personalise
DA:7,6
DA:12,1
LF:2
LH:2
BRDA:8,0,0,6
BRDA:8,0,1,4
BRDA:8,0,2,3
BRDA:9,1,0,6
BRDA:9,1,1,4
BRDA:9,1,2,4
BRF:6
BRH:6
end_of_record
